[2025]
(0001): 11FBECCD          u8_0=01 
	material = (0009): MaterialName 'Generic' u8_0=01 u16_0=002 a0=(000,000) default=0001 u32=0000  comment="Generic" u16_1=000 longName="1:Generic" txt_1="" txt_2="MaterialInv_072" txt_3="AFEFC330-5E61-4E24-814F-AE810148B79D" a2=(004,000) uid_0={0276CFBC-7313-C1A3-10C7-9E0D88974482} a3=(1,1e-07,0,0,0,0.001,0.1,0.1) u8_1=00  txt_4=""
		*materials = (0017): LeaderCollection 'Materials'
		*ref_0 = (000A): RenderingStyle 'Default'
	renderingStyle = (000A): RenderingStyle 'Default' u8_0=01 u16_0=005 a0=(000,000) default=0001 u32=0000  comment="" u16_1=000 longName="Generic material." u16_2=000 txt_1="1:Default" txt_2="" txt_3="InvGen-071" txt_4="AFEFC330-5E61-4E24-814F-AE810148B79D" a2=(004,002) uid_0={261C23F0-46CD-792D-3E2D-3D2113BD6BAC} Color.c0=#BFBFBFFF Color.diffuse=#BFBFBFFF Color.c1=#000000FF Color.c2=#000000FF Color.f=15 FileMapTexture="" u8_1=00 vec4d_0=[0,0,0,0] vec2d_0=(100,1) a3=(0,0) a4=(00,00,00,00,00) s32_0=0 f32_1=1 FileMapBump="" s32_1=0 vec2d_1=Vector (0.3, 1.0, 0.0) txt_7="Miscellaneous" a6=(1,0) txt_9="" u8_2=00 f32_2=0 a7=(00,00,00) a8=(1.875,0,0) u8_3=00 a9=[-1,-1,-1,-1,0.75,0.75,0.75,1,1,0.3] u8_4=00 a10=[0,0,0,0,1,0,0]
		*ref1Name = (0015): LeaderCollection 'Colors'
	cld_2 = (000B): 2AE52C91 u16_0=(002,00A) txt_0="0,100 cm" txt_1="0,100 cm" txt_2="1 deg" 
		*parent = (0002): F8A779F9
	cld_3 = (000C): 6B4C0C42 '0,500 cm' 
		*parent = (0002): F8A779F9
	cld_4 = (000D): BA93BB36 '0,025 cm'  u16_0=004 txt_0="5 deg" u8_0=00 u16_1=(000,100,000,000,000,000,000,000,000,000,000,000) txt_1="Solid" txt_2="Srf" aX=(00 00 00 00 00 00 00 00 00 00 00 00 03 00 00 00 00 00 00 00 00 00 00 00 00 00 00 00 00 00 00 00 00 00 03 00 00 00 00 00 00 00 00 00 00 00 00 00 01 01 01 01 03 00 00 00 55 00 43 00 53 00 00 00 00 00 E1 00 00 00 01 01 01 00 00 00 00 00)
		*parent = (0002): F8A779F9
	cld_5 = (000E): 3235A9B8 uid_0={553C5022-11D1-5A15-0008-0A9D1E31D909}   
	cld_6 = (000F): E454FA4D lst0=[] u32_0=0001 lst1=[] u32_1=0001 lst2=[]
	cld_7 = (0010): 37186901 lst0=[] u32_0=0001
	cld_8 = (0011): 42A65DAA u32_0=0000
	cld_9 = (0012): D4227E2D a0=(1,0.04,2,0.08,3,0.12,4) u16_0=001
(0002): F8A779F9  
	ref_1 = (0013): F8A779F8 a0=(003,001) u8_0=00 a1=(001,006) u8_1=01 a2=(001,000,000,000,000,000,000,001,000) u8_2=00 a3=(003,001,000)
	ref_2 = (0014): SystemOfUnitsCollection   
		*selected = (0019): SystemOfUnitsCGS 'Custom'
		customUnitSystems[0000] = (0019): SystemOfUnitsCGS 'Custom' 
			units[0000] = (0065): UnitMeter magnitude=0.01 factor=1 Unit="m" UnitOffset=0 UnitFactor=100 UnitSupportet=True
			units[0001] = (0066): UnitGram magnitude=1000 factor=1 Unit="g" UnitOffset=0 UnitFactor=0.001 UnitSupportet=True
			units[0002] = (0067): UnitSecond magnitude=1 factor=1 Unit="s" UnitOffset=0 UnitFactor=1 UnitSupportet=True
			units[0003] = (0068): UnitKelvin magnitude=1 factor=1 Unit="K" UnitOffset=0 UnitFactor=1 UnitSupportet=True
			units[0004] = (0069): UnitGrad magnitude=1 factor=1 Unit="°" UnitOffset=0 UnitFactor=0.0174533 UnitSupportet=True
			units[0005] = (006A): UnitAmpere magnitude=1 factor=1 Unit="A" UnitOffset=0 UnitFactor=1 UnitSupportet=True
			units[0006] = (006B): UnitMol magnitude=1 factor=1 Unit="mol" UnitOffset=0 UnitFactor=1 UnitSupportet=True
			units[0007] = (006C): UnitCandela magnitude=1 factor=1 Unit="cd" UnitOffset=0 UnitFactor=1 UnitSupportet=True
			units[0008] = (006D): Unit9CBB2613 magnitude=1 factor=1 Unit="9CBB2613" UnitOffset=0 UnitFactor=1 UnitSupportet=True
		predefinedUnitSystems[0000] = (001A): SystemOfUnitsCGS 'CGS' 
			units[0000] = (006E): UnitMeter magnitude=0.01 factor=1 Unit="m" UnitOffset=0 UnitFactor=100 UnitSupportet=True
			units[0001] = (006F): UnitGram magnitude=1 factor=1 Unit="g" UnitOffset=0 UnitFactor=0.001 UnitSupportet=True
			units[0002] = (0070): UnitSecond magnitude=1 factor=1 Unit="s" UnitOffset=0 UnitFactor=1 UnitSupportet=True
			units[0003] = (0071): UnitKelvin magnitude=1 factor=1 Unit="K" UnitOffset=0 UnitFactor=1 UnitSupportet=True
			units[0004] = (0072): UnitRadian magnitude=1 factor=1 Unit="rad" UnitOffset=0 UnitFactor=1 UnitSupportet=True
			units[0005] = (0073): UnitAmpere magnitude=1 factor=1 Unit="A" UnitOffset=0 UnitFactor=1 UnitSupportet=True
			units[0006] = (0074): UnitMol magnitude=1 factor=1 Unit="mol" UnitOffset=0 UnitFactor=1 UnitSupportet=True
			units[0007] = (0075): UnitCandela magnitude=1 factor=1 Unit="cd" UnitOffset=0 UnitFactor=1 UnitSupportet=True
			units[0008] = (0076): Unit9CBB2613 magnitude=1 factor=1 Unit="9CBB2613" UnitOffset=0 UnitFactor=1 UnitSupportet=True
		predefinedUnitSystems[0001] = (001B): SystemOfUnitsImperial 'English' 
			units[0000] = (0077): UnitInch magnitude=1 factor=1 Unit="in" UnitOffset=0 UnitFactor=2.54 UnitSupportet=True
			units[0001] = (0078): UnitPound magnitude=1 factor=1 Unit="lb" UnitOffset=0 UnitFactor=0.428335 UnitSupportet=True
			units[0002] = (0079): UnitSecond magnitude=1 factor=1 Unit="s" UnitOffset=0 UnitFactor=1 UnitSupportet=True
			units[0003] = (007A): UnitFahrenheit magnitude=1 factor=1 Unit="°F" UnitOffset=459.67 UnitFactor=0.555556 UnitSupportet=True
			units[0004] = (007B): UnitRadian magnitude=1 factor=1 Unit="rad" UnitOffset=0 UnitFactor=1 UnitSupportet=True
			units[0005] = (007C): UnitAmpere magnitude=1 factor=1 Unit="A" UnitOffset=0 UnitFactor=1 UnitSupportet=True
			units[0006] = (007D): UnitMol magnitude=1 factor=1 Unit="mol" UnitOffset=0 UnitFactor=1 UnitSupportet=True
			units[0007] = (007E): UnitCandela magnitude=1 factor=1 Unit="cd" UnitOffset=0 UnitFactor=1 UnitSupportet=True
			units[0008] = (007F): Unit9CBB2613 magnitude=1 factor=1 Unit="9CBB2613" UnitOffset=0 UnitFactor=1 UnitSupportet=True
		predefinedUnitSystems[0002] = (001C): SystemOfUnitsMGS 'MKS' 
			units[0000] = (0080): UnitMeter magnitude=1 factor=1 Unit="m" UnitOffset=0 UnitFactor=100 UnitSupportet=True
			units[0001] = (0081): UnitGram magnitude=1000 factor=1 Unit="g" UnitOffset=0 UnitFactor=0.001 UnitSupportet=True
			units[0002] = (0082): UnitSecond magnitude=1 factor=1 Unit="s" UnitOffset=0 UnitFactor=1 UnitSupportet=True
			units[0003] = (0083): UnitKelvin magnitude=1 factor=1 Unit="K" UnitOffset=0 UnitFactor=1 UnitSupportet=True
			units[0004] = (0084): UnitRadian magnitude=1 factor=1 Unit="rad" UnitOffset=0 UnitFactor=1 UnitSupportet=True
			units[0005] = (0085): UnitAmpere magnitude=1 factor=1 Unit="A" UnitOffset=0 UnitFactor=1 UnitSupportet=True
			units[0006] = (0086): UnitMol magnitude=1 factor=1 Unit="mol" UnitOffset=0 UnitFactor=1 UnitSupportet=True
			units[0007] = (0087): UnitCandela magnitude=1 factor=1 Unit="cd" UnitOffset=0 UnitFactor=1 UnitSupportet=True
			units[0008] = (0088): Unit9CBB2613 magnitude=1 factor=1 Unit="9CBB2613" UnitOffset=0 UnitFactor=1 UnitSupportet=True
(0003): Settings 'GreyRoom'   a0=(0,0,1,0,0,0,10,5,0,0,1,0,0,0,0,0,0,0,0,0,-1,0,1,0) a1=(0000,0004) u8_0=00 a2=(0,0,0,0,0,0,0,0,0,0) u8_1=01 c_0=#C0C0C0FF f_0=0.3 u16_0=101 f_1=2 u32_1=000A f_2=0.2 u32_2=0014 f_3=0.5 a3=Vector (0.0, 0.0078125, 0.0) a4=(0000,0001) u32_4=0000 a5=(0046,03FF,0000) u8_2=00 u32_3=0000 u8_5=01 u8_6=00 u32_5=0001 c_1=#50A5D2FF u32_6=0011 f_4=[0,0,0,1,1] u8_7=01
	lst0[Colors] = (0015): LeaderCollection 'Colors'    localeId=409 aX=(00 00 00 00 00 00)
		*default = (000A): RenderingStyle 'Default'
		lst0[0,58,0] = (001D): RenderingStyle '0,58,0' u8_0=00 u16_0=021 a0=(000,000) default=0001 u32=0000  comment="" u16_1=000 longName="" u16_2=000 txt_1="1:0,58,0" txt_2="3CF0E35D-591C-4D8F-B373-A73696B0046D" txt_3="" txt_4="AFEFC330-5E61-4E24-814F-AE810148B79D" a2=(000,002) uid_0={AC9D9420-55F0-91E6-254E-D205B5D42E2A} Color.c0=#003A00FF Color.diffuse=#003A00FF Color.c1=#FFFFFFFF Color.c2=#000000FF Color.f=10 FileMapTexture="" u8_1=00 vec4d_0=[0,0,0,0] vec2d_0=(100,1) a3=(0,0) a4=(00,00,00,00,00) s32_0=0 f32_1=1 FileMapBump="" s32_1=0 vec2d_1=Vector (1.0, 1.0, 0.0) txt_7="Default" a6=(1,0) txt_9="" u8_2=00 f32_2=0 a7=(00,00,00) a8=(1.875,0,0) u8_3=00 a9=[-1,-1,-1,-1,0,0.227451,0,1,1,0.1] u8_4=00 a10=[0.1,0.1,0,0,1,0,0]
		lst0[102,102,102] = (001E): RenderingStyle '102,102,102' u8_0=00 u16_0=0F6 a0=(000,000) default=0001 u32=0000  comment="" u16_1=000 longName="" u16_2=000 txt_1="1:102,102,102" txt_2="B1D0D965-0F2A-4AF9-B7A5-25570D863EB4" txt_3="" txt_4="AFEFC330-5E61-4E24-814F-AE810148B79D" a2=(000,002) uid_0={30FE9260-17EA-E5C5-1C85-CF21B14E8F94} Color.c0=#666666FF Color.diffuse=#666666FF Color.c1=#FFFFFFFF Color.c2=#000000FF Color.f=10 FileMapTexture="" u8_1=00 vec4d_0=[0,0,0,0] vec2d_0=(100,1) a3=(0,0) a4=(00,00,00,00,00) s32_0=0 f32_1=1 FileMapBump="" s32_1=0 vec2d_1=Vector (1.0, 1.0, 0.0) txt_7="Default" a6=(1,0) txt_9="" u8_2=00 f32_2=0 a7=(00,00,00) a8=(1.875,0,0) u8_3=00 a9=[-1,-1,-1,-1,0.4,0.4,0.4,1,1,0.1] u8_4=00 a10=[0.1,0.1,0,0,1,0,0]
		lst0[126,0,0] = (001F): RenderingStyle '126,0,0' u8_0=00 u16_0=05A a0=(000,000) default=0001 u32=0000  comment="" u16_1=000 longName="" u16_2=000 txt_1="1:126,0,0" txt_2="06243A99-2A45-4F0A-822A-45EE85F4F700" txt_3="" txt_4="AFEFC330-5E61-4E24-814F-AE810148B79D" a2=(000,002) uid_0={375332B6-1C70-4054-E273-50A7E2D6AB72} Color.c0=#7E0000FF Color.diffuse=#7E0000FF Color.c1=#FFFFFFFF Color.c2=#000000FF Color.f=10 FileMapTexture="" u8_1=00 vec4d_0=[0,0,0,0] vec2d_0=(100,1) a3=(0,0) a4=(00,00,00,00,00) s32_0=0 f32_1=1 FileMapBump="" s32_1=0 vec2d_1=Vector (1.0, 1.0, 0.0) txt_7="Default" a6=(1,0) txt_9="" u8_2=00 f32_2=0 a7=(00,00,00) a8=(1.875,0,0) u8_3=00 a9=[-1,-1,-1,-1,0.494118,0,0,1,1,0.1] u8_4=00 a10=[0.1,0.1,0,0,1,0,0]
		lst0[141,148,52] = (0020): RenderingStyle '141,148,52' u8_0=00 u16_0=005 a0=(000,000) default=0001 u32=0000  comment="" u16_1=000 longName="" u16_2=000 txt_1="1:141,148,52" txt_2="4A4F6E4F-DF99-4AD5-8407-CA95A625E044" txt_3="" txt_4="AFEFC330-5E61-4E24-814F-AE810148B79D" a2=(000,002) uid_0={2FEC24C5-FCCF-1048-D80D-3AE14BCE3991} Color.c0=#8D9434FF Color.diffuse=#8D9434FF Color.c1=#FFFFFFFF Color.c2=#000000FF Color.f=10 FileMapTexture="" u8_1=00 vec4d_0=[0,0,0,0] vec2d_0=(100,1) a3=(0,0) a4=(00,00,00,00,00) s32_0=0 f32_1=1 FileMapBump="" s32_1=0 vec2d_1=Vector (1.0, 1.0, 0.0) txt_7="Default" a6=(1,0) txt_9="" u8_2=00 f32_2=0 a7=(00,00,00) a8=(1.875,0,0) u8_3=00 a9=[-1,-1,-1,-1,0.552941,0.580392,0.203922,1,1,0.1] u8_4=00 a10=[0.1,0.1,0,0,1,0,0]
		lst0[162,175,191] = (0021): RenderingStyle '162,175,191' u8_0=00 u16_0=044 a0=(000,000) default=0001 u32=0000  comment="" u16_1=000 longName="" u16_2=000 txt_1="1:162,175,191" txt_2="64EEDFBA-B8D1-4824-BAEE-72678FC857DE" txt_3="" txt_4="AFEFC330-5E61-4E24-814F-AE810148B79D" a2=(000,002) uid_0={9CB1D10A-859F-4B36-EE6C-B7C60FD9BF6F} Color.c0=#A2AFBFFF Color.diffuse=#A2AFBFFF Color.c1=#FFFFFFFF Color.c2=#000000FF Color.f=10 FileMapTexture="" u8_1=00 vec4d_0=[0,0,0,0] vec2d_0=(100,1) a3=(0,0) a4=(00,00,00,00,00) s32_0=0 f32_1=1 FileMapBump="" s32_1=0 vec2d_1=Vector (1.0, 1.0, 0.0) txt_7="Default" a6=(1,0) txt_9="" u8_2=00 f32_2=0 a7=(00,00,00) a8=(1.875,0,0) u8_3=00 a9=[-1,-1,-1,-1,0.635294,0.686275,0.74902,1,1,0.1] u8_4=00 a10=[0.1,0.1,0,0,1,0,0]
		lst0[163,163,163] = (0022): RenderingStyle '163,163,163' u8_0=00 u16_0=034 a0=(000,000) default=0001 u32=0000  comment="" u16_1=000 longName="" u16_2=000 txt_1="1:163,163,163" txt_2="C7FD2551-CEDF-4C45-A8BC-28DCC6B8629B" txt_3="" txt_4="AFEFC330-5E61-4E24-814F-AE810148B79D" a2=(000,002) uid_0={809949D0-3682-28A1-1F7E-4A2974EC2BF2} Color.c0=#A3A3A3FF Color.diffuse=#A3A3A3FF Color.c1=#FFFFFFFF Color.c2=#000000FF Color.f=10 FileMapTexture="" u8_1=00 vec4d_0=[0,0,0,0] vec2d_0=(100,1) a3=(0,0) a4=(00,00,00,00,00) s32_0=0 f32_1=1 FileMapBump="" s32_1=0 vec2d_1=Vector (1.0, 1.0, 0.0) txt_7="Default" a6=(1,0) txt_9="" u8_2=00 f32_2=0 a7=(00,00,00) a8=(1.875,0,0) u8_3=00 a9=[-1,-1,-1,-1,0.639216,0.639216,0.639216,1,1,0.1] u8_4=00 a10=[0.1,0.1,0,0,1,0,0]
		lst0[183,207,195] = (0023): RenderingStyle '183,207,195' u8_0=00 u16_0=03D a0=(000,000) default=0001 u32=0000  comment="" u16_1=000 longName="" u16_2=000 txt_1="1:183,207,195" txt_2="2AA9FA17-E410-45DD-AAD5-1C4C3B084C4B" txt_3="" txt_4="AFEFC330-5E61-4E24-814F-AE810148B79D" a2=(000,002) uid_0={17ABF358-9D15-2BEB-4100-EEA0EC2881C6} Color.c0=#B7CFC3FF Color.diffuse=#B7CFC3FF Color.c1=#FFFFFFFF Color.c2=#000000FF Color.f=10 FileMapTexture="" u8_1=00 vec4d_0=[0,0,0,0] vec2d_0=(100,1) a3=(0,0) a4=(00,00,00,00,00) s32_0=0 f32_1=1 FileMapBump="" s32_1=0 vec2d_1=Vector (1.0, 1.0, 0.0) txt_7="Default" a6=(1,0) txt_9="" u8_2=00 f32_2=0 a7=(00,00,00) a8=(1.875,0,0) u8_3=00 a9=[-1,-1,-1,-1,0.717647,0.811765,0.764706,1,1,0.1] u8_4=00 a10=[0.1,0.1,0,0,1,0,0]
		lst0[204,153,51] = (0024): RenderingStyle '204,153,51' u8_0=00 u16_0=010 a0=(000,000) default=0001 u32=0000  comment="" u16_1=000 longName="" u16_2=000 txt_1="1:204,153,51" txt_2="9B5DEB5A-8D24-45EE-AC01-4221579AFB67" txt_3="" txt_4="AFEFC330-5E61-4E24-814F-AE810148B79D" a2=(000,002) uid_0={1ACC8D6E-9384-2C2B-9D1B-9A89A2BA6D67} Color.c0=#CC9933FF Color.diffuse=#CC9933FF Color.c1=#FFFFFFFF Color.c2=#000000FF Color.f=10 FileMapTexture="" u8_1=00 vec4d_0=[0,0,0,0] vec2d_0=(100,1) a3=(0,0) a4=(00,00,00,00,00) s32_0=0 f32_1=1 FileMapBump="" s32_1=0 vec2d_1=Vector (1.0, 1.0, 0.0) txt_7="Default" a6=(1,0) txt_9="" u8_2=00 f32_2=0 a7=(00,00,00) a8=(1.875,0,0) u8_3=00 a9=[-1,-1,-1,-1,0.8,0.6,0.2,1,1,0.1] u8_4=00 a10=[0.1,0.1,0,0,1,0,0]
		lst0[204,204,204] = (0025): RenderingStyle '204,204,204' u8_0=00 u16_0=01F a0=(000,000) default=0001 u32=0000  comment="" u16_1=000 longName="" u16_2=000 txt_1="1:204,204,204" txt_2="F1CE228F-1EC7-4506-903E-F7DBFB96DF8B" txt_3="" txt_4="AFEFC330-5E61-4E24-814F-AE810148B79D" a2=(000,002) uid_0={DAA41085-5A51-9AF8-CC0A-FB522FE6B0CD} Color.c0=#CCCCCCFF Color.diffuse=#CCCCCCFF Color.c1=#FFFFFFFF Color.c2=#000000FF Color.f=10 FileMapTexture="" u8_1=00 vec4d_0=[0,0,0,0] vec2d_0=(100,1) a3=(0,0) a4=(00,00,00,00,00) s32_0=0 f32_1=1 FileMapBump="" s32_1=0 vec2d_1=Vector (1.0, 1.0, 0.0) txt_7="Default" a6=(1,0) txt_9="" u8_2=00 f32_2=0 a7=(00,00,00) a8=(1.875,0,0) u8_3=00 a9=[-1,-1,-1,-1,0.8,0.8,0.8,1,1,0.1] u8_4=00 a10=[0.1,0.1,0,0,1,0,0]
		lst0[207,215,232] = (0026): RenderingStyle '207,215,232' u8_0=00 u16_0=026 a0=(000,000) default=0001 u32=0000  comment="" u16_1=000 longName="" u16_2=000 txt_1="1:207,215,232" txt_2="4B68B5FF-4747-4A22-835F-3C3BE7E0943E" txt_3="" txt_4="AFEFC330-5E61-4E24-814F-AE810148B79D" a2=(000,002) uid_0={ADA17A15-CF6A-BA87-1DC0-C7CCB69B5015} Color.c0=#CFD7E8FF Color.diffuse=#CFD7E8FF Color.c1=#FFFFFFFF Color.c2=#000000FF Color.f=10 FileMapTexture="" u8_1=00 vec4d_0=[0,0,0,0] vec2d_0=(100,1) a3=(0,0) a4=(00,00,00,00,00) s32_0=0 f32_1=1 FileMapBump="" s32_1=0 vec2d_1=Vector (1.0, 1.0, 0.0) txt_7="Default" a6=(1,0) txt_9="" u8_2=00 f32_2=0 a7=(00,00,00) a8=(1.875,0,0) u8_3=00 a9=[-1,-1,-1,-1,0.811765,0.843137,0.909804,1,1,0.1] u8_4=00 a10=[0.1,0.1,0,0,1,0,0]
		lst0[242,242,242] = (0027): RenderingStyle '242,242,242' u8_0=00 u16_0=42F a0=(000,000) default=0001 u32=0000  comment="" u16_1=000 longName="" u16_2=000 txt_1="1:242,242,242" txt_2="7E36EFFE-08EB-42B4-BF91-F88043E7A452" txt_3="" txt_4="AFEFC330-5E61-4E24-814F-AE810148B79D" a2=(000,002) uid_0={5F205FA6-8B79-18AF-6983-C9D767667D0C} Color.c0=#F2F2F2FF Color.diffuse=#F2F2F2FF Color.c1=#FFFFFFFF Color.c2=#000000FF Color.f=10 FileMapTexture="" u8_1=00 vec4d_0=[0,0,0,0] vec2d_0=(100,1) a3=(0,0) a4=(00,00,00,00,00) s32_0=0 f32_1=1 FileMapBump="" s32_1=0 vec2d_1=Vector (1.0, 1.0, 0.0) txt_7="Default" a6=(1,0) txt_9="" u8_2=00 f32_2=0 a7=(00,00,00) a8=(1.875,0,0) u8_3=00 a9=[-1,-1,-1,-1,0.94902,0.94902,0.94902,1,1,0.1] u8_4=00 a10=[0.1,0.1,0,0,1,0,0]
		lst0[255,153,0] = (0028): RenderingStyle '255,153,0' u8_0=00 u16_0=392 a0=(000,000) default=0001 u32=0000  comment="" u16_1=000 longName="" u16_2=000 txt_1="1:255,153,0" txt_2="41ECC730-1B59-47B8-AAD8-76EDB9AFC087" txt_3="" txt_4="AFEFC330-5E61-4E24-814F-AE810148B79D" a2=(000,002) uid_0={468F6DDE-20C2-7048-C57E-4A70EF09578B} Color.c0=#FF9900FF Color.diffuse=#FF9900FF Color.c1=#FFFFFFFF Color.c2=#000000FF Color.f=10 FileMapTexture="" u8_1=00 vec4d_0=[0,0,0,0] vec2d_0=(100,1) a3=(0,0) a4=(00,00,00,00,00) s32_0=0 f32_1=1 FileMapBump="" s32_1=0 vec2d_1=Vector (1.0, 1.0, 0.0) txt_7="Default" a6=(1,0) txt_9="" u8_2=00 f32_2=0 a7=(00,00,00) a8=(1.875,0,0) u8_3=00 a9=[-1,-1,-1,-1,1,0.6,0,1,1,0.1] u8_4=00 a10=[0.1,0.1,0,0,1,0,0]
		lst0[255,240,169] = (0029): RenderingStyle '255,240,169' u8_0=00 u16_0=030 a0=(000,000) default=0001 u32=0000  comment="" u16_1=000 longName="" u16_2=000 txt_1="1:255,240,169" txt_2="6FEB4914-67E0-4681-93E1-B560EE743B5D" txt_3="" txt_4="AFEFC330-5E61-4E24-814F-AE810148B79D" a2=(000,002) uid_0={3E6C40C0-E1BD-B595-FCBD-B70D86F875D1} Color.c0=#FFF0A9FF Color.diffuse=#FFF0A9FF Color.c1=#FFFFFFFF Color.c2=#000000FF Color.f=10 FileMapTexture="" u8_1=00 vec4d_0=[0,0,0,0] vec2d_0=(100,1) a3=(0,0) a4=(00,00,00,00,00) s32_0=0 f32_1=1 FileMapBump="" s32_1=0 vec2d_1=Vector (1.0, 1.0, 0.0) txt_7="Default" a6=(1,0) txt_9="" u8_2=00 f32_2=0 a7=(00,00,00) a8=(1.875,0,0) u8_3=00 a9=[-1,-1,-1,-1,1,0.941176,0.662745,1,1,0.1] u8_4=00 a10=[0.1,0.1,0,0,1,0,0]
		lst0[255,255,0] = (002A): RenderingStyle '255,255,0' u8_0=00 u16_0=000 a0=(000,000) default=0001 u32=0000  comment="" u16_1=000 longName="" u16_2=000 txt_1="1:255,255,0" txt_2="941C493B-A892-4905-AA47-2D6ECD0DC24C" txt_3="" txt_4="AFEFC330-5E61-4E24-814F-AE810148B79D" a2=(000,002) uid_0={7689BF3A-3DA8-99F4-89C5-FB7228A1DB97} Color.c0=#FFFF00FF Color.diffuse=#FFFF00FF Color.c1=#FFFFFFFF Color.c2=#000000FF Color.f=10 FileMapTexture="" u8_1=00 vec4d_0=[0,0,0,0] vec2d_0=(100,1) a3=(0,0) a4=(00,00,00,00,00) s32_0=0 f32_1=1 FileMapBump="" s32_1=0 vec2d_1=Vector (1.0, 1.0, 0.0) txt_7="Default" a6=(1,0) txt_9="" u8_2=00 f32_2=0 a7=(00,00,00) a8=(1.875,0,0) u8_3=00 a9=[-1,-1,-1,-1,1,1,0,1,1,0.1] u8_4=00 a10=[0.1,0.1,0,0,1,0,0]
		lst0[255,255,242] = (002B): RenderingStyle '255,255,242' u8_0=00 u16_0=012 a0=(000,000) default=0001 u32=0000  comment="" u16_1=000 longName="" u16_2=000 txt_1="1:255,255,242" txt_2="2B80905D-15C7-46E5-A237-FDE02CBC4D7A" txt_3="" txt_4="AFEFC330-5E61-4E24-814F-AE810148B79D" a2=(000,002) uid_0={7C384772-75EC-8C35-BFE5-106ACE69FD77} Color.c0=#FFFFF2FF Color.diffuse=#FFFFF2FF Color.c1=#FFFFFFFF Color.c2=#000000FF Color.f=10 FileMapTexture="" u8_1=00 vec4d_0=[0,0,0,0] vec2d_0=(100,1) a3=(0,0) a4=(00,00,00,00,00) s32_0=0 f32_1=1 FileMapBump="" s32_1=0 vec2d_1=Vector (1.0, 1.0, 0.0) txt_7="Default" a6=(1,0) txt_9="" u8_2=00 f32_2=0 a7=(00,00,00) a8=(1.875,0,0) u8_3=00 a9=[-1,-1,-1,-1,1,1,0.94902,1,1,0.1] u8_4=00 a10=[0.1,0.1,0,0,1,0,0]
		lst0[41,36,34] = (002C): RenderingStyle '41,36,34' u8_0=00 u16_0=01B a0=(000,000) default=0001 u32=0000  comment="" u16_1=000 longName="" u16_2=000 txt_1="1:41,36,34" txt_2="4B76179B-9818-4265-A8A3-46FBAF72661D" txt_3="" txt_4="AFEFC330-5E61-4E24-814F-AE810148B79D" a2=(000,002) uid_0={F45EA503-E6C7-5C88-2997-1E32B20EE030} Color.c0=#292422FF Color.diffuse=#292422FF Color.c1=#FFFFFFFF Color.c2=#000000FF Color.f=10 FileMapTexture="" u8_1=00 vec4d_0=[0,0,0,0] vec2d_0=(100,1) a3=(0,0) a4=(00,00,00,00,00) s32_0=0 f32_1=1 FileMapBump="" s32_1=0 vec2d_1=Vector (1.0, 1.0, 0.0) txt_7="Default" a6=(1,0) txt_9="" u8_2=00 f32_2=0 a7=(00,00,00) a8=(1.875,0,0) u8_3=00 a9=[-1,-1,-1,-1,0.160784,0.141176,0.133333,1,1,0.1] u8_4=00 a10=[0.1,0.1,0,0,1,0,0]
		lst0[51,51,51] = (002D): RenderingStyle '51,51,51' u8_0=00 u16_0=233 a0=(000,000) default=0001 u32=0000  comment="" u16_1=000 longName="" u16_2=000 txt_1="1:51,51,51" txt_2="FCE74876-3BF0-4287-87F8-48C5E575500B" txt_3="" txt_4="AFEFC330-5E61-4E24-814F-AE810148B79D" a2=(000,002) uid_0={F20F44D2-751B-C5FD-0AD3-4657D2EE90EF} Color.c0=#333333FF Color.diffuse=#333333FF Color.c1=#FFFFFFFF Color.c2=#000000FF Color.f=10 FileMapTexture="" u8_1=00 vec4d_0=[0,0,0,0] vec2d_0=(100,1) a3=(0,0) a4=(00,00,00,00,00) s32_0=0 f32_1=1 FileMapBump="" s32_1=0 vec2d_1=Vector (1.0, 1.0, 0.0) txt_7="Default" a6=(1,0) txt_9="" u8_2=00 f32_2=0 a7=(00,00,00) a8=(1.875,0,0) u8_3=00 a9=[-1,-1,-1,-1,0.2,0.2,0.2,1,1,0.1] u8_4=00 a10=[0.1,0.1,0,0,1,0,0]
		lst0[76,76,76] = (002E): RenderingStyle '76,76,76' u8_0=00 u16_0=08B a0=(000,000) default=0001 u32=0000  comment="" u16_1=000 longName="" u16_2=000 txt_1="1:76,76,76" txt_2="C125FE3D-6F97-43A6-88D0-75955B6F8D83" txt_3="" txt_4="AFEFC330-5E61-4E24-814F-AE810148B79D" a2=(000,002) uid_0={6E59F671-891C-0C91-F0A8-03ECDC70F2AF} Color.c0=#4C4C4CFF Color.diffuse=#4C4C4CFF Color.c1=#FFFFFFFF Color.c2=#000000FF Color.f=10 FileMapTexture="" u8_1=00 vec4d_0=[0,0,0,0] vec2d_0=(100,1) a3=(0,0) a4=(00,00,00,00,00) s32_0=0 f32_1=1 FileMapBump="" s32_1=0 vec2d_1=Vector (1.0, 1.0, 0.0) txt_7="Default" a6=(1,0) txt_9="" u8_2=00 f32_2=0 a7=(00,00,00) a8=(1.875,0,0) u8_3=00 a9=[-1,-1,-1,-1,0.298039,0.298039,0.298039,1,1,0.1] u8_4=00 a10=[0.1,0.1,0,0,1,0,0]
		*lst0[Default] = (000A): RenderingStyle 'Default'
		lst0[IPHT_Grün] = (002F): RenderingStyle 'IPHT_Grün' u8_0=00 u16_0=0CC a0=(000,000) default=0001 u32=0000  comment="" u16_1=000 longName="Plastic and vinyl material." u16_2=000 txt_1="1:IPHT_Grün" txt_2="CECC3121-8C9C-43FE-BC1F-12755747792C" txt_3="PlasticVinyl" txt_4="AFEFC330-5E61-4E24-814F-AE810148B79D" a2=(000,002) uid_0={DC44F458-639E-C1D7-2A05-F4F77D5A5585} Color.c0=#93C01FFF Color.diffuse=#93C01FFF Color.c1=#FFFFFFFF Color.c2=#000000FF Color.f=54.875 FileMapTexture="" u8_1=00 vec4d_0=[0,0,0,0] vec2d_0=(100,1) a3=(0,0) a4=(00,00,00,00,00) s32_0=0 f32_1=1.4 FileMapBump="" s32_1=0 vec2d_1=Vector (0.05000000074505806, 1.0, 0.0) txt_7="Default" a6=(1,0) txt_9="" u8_2=00 f32_2=0 a7=(00,00,00) a8=(1.875,0,0) u8_3=00 a9=[-1,-1,-1,-1,0.576471,0.752941,0.121569,1,1,0.975] u8_4=00 a10=[0.1,1,0,0,1.4,0,0]
		lst0[White] = (0030): RenderingStyle 'White' u8_0=00 u16_0=0BA a0=(000,000) default=0001 u32=0000  comment="" u16_1=000 longName="Pure white color" u16_2=000 txt_1="1:White" txt_2="" txt_3="Ceramic-001" txt_4="AFEFC330-5E61-4E24-814F-AE810148B79D" a2=(000,002) uid_0={209BABDB-3535-DC60-9372-FA59E533B99C} Color.c0=#F4F4F4FF Color.diffuse=#F4F4F4FF Color.c1=#FFFFFFFF Color.c2=#000000FF Color.f=51.6875 FileMapTexture="" u8_1=00 vec4d_0=[0,0,0,0] vec2d_0=(100,1) a3=(0,0) a4=(00,00,00,00,00) s32_0=0 f32_1=1.4 FileMapBump="" s32_1=0 vec2d_1=Vector (0.05000000074505806, 1.0, 0.0) txt_7="Default" a6=(1,0) txt_9="" u8_2=00 f32_2=0 a7=(00,00,00) a8=(1.875,0,0) u8_3=00 a9=[-1,-1,-1,-1,0.96,0.96,0.96,1,1,0.9] u8_4=00 a10=[0.0375,0.375,0,0,1.4,0,0]
	lst0[Lighting] = (0016): LeaderCollection 'Lighting'    localeId=409 aX=(00 00 00 00 00 00)
		*default = (0031): Lighting 'Default'
		lst0[Default] = (0031): Lighting 'Default' u8_0=01 u16_0=001 a0=(000,000) default=0001 u32=0000  comment="" u16_1=000 longName="1:Default" color=#3F3F3FFF lst0=[259: #FFFFFFFF, #FFFFFFFF, #FFFFFFFF, [0, 0, 0, -0.433013, -0.5, -0.75], [1, 0, 0, 0.3, 0.5, 0.5, 1]] aX=(9A 99 19 3F 9A 99 19 3F FF FF FF FF 00 00 00 00 00 00 00 00 00 80 3F 00 00 00 00 00 00 80 3F 01 00 00 00 00 00 00 00 3F 00 00 00 3F 00 00 00 3F 00 00 00 00 00 00 00 00 00 00 00 00 00 00 00 00 00 00 00 00 00 00 00 00 00 00 00 00 CC 2C 04 C0 0A CE 9C 4F 8E B0 A0 BF 5B 8F 7E 4E)
	lst0[Materials] = (0017): LeaderCollection 'Materials'    localeId=409 aX=(00 00 00 00 00 00)
		*default = (0009): MaterialName 'Generic'
		*lst0[Generic] = (0009): MaterialName 'Generic'
(0004): 7313FAC3  a0=(001,000,02E,001,000,001,000,004,000) lst1=[] a1=(000,000,000,000) lst2=[(),(),()]
(0005): 345EB9B1  uid_0={81D225FB-0EB4-4465-BA91-0F38363054F3} uid_1={81D225FB-0EB4-4465-BA91-0F38363054F3}
	lst0[0000] = (0018): 9E11F9F6 uid_0={81D225FB-0EB4-4465-BA91-0F38363054F3} a0=(0001,0002,0000,0000,0003,0004) brepUID={8524556F-299D-487C-9CAE-D915262BAF0C} graphicsUID={6A4CD1C7-AE14-4C0E-875B-0C2791A966E6}   u32_0=0005 u16_0=000
		lst6[0000] = (0032): E5DDE747 a0=(0,0,0,0,0,0,0,1,1,1,0,0,0,0,1.79769e+308,1.79769e+308) aX=(00 00 00 00 00 00 00 00 00 00 00 00 00 00 00 F0 3F 01 01 00 00 00 00 00 00 00 00 00 00 00 00 00 00 00 00 00 00 00 00 00 00 00 00 00 00 00 00 00 00 00 00 00 00 00 00 00 00 00 00 00 00 00 00 00 00 00 00)
		lst6[0002] = (0033): E5DDE747 a0=(0,0,0,0,0,0,0,1,1,1,0,0,0,0,1.79769e+308,1.79769e+308) aX=(00 00 00 00 00 00 00 00 00 00 00 00 00 00 00 F0 3F 01 01 00 00 00 00 00 00 00 00 00 00 00 00 00 00 00 00 00 00 00 00 00 00 00 00 00 00 00 00 00 00 00 00 00 00 00 00 00 00 00 00 00 00 00 00 00 00 00 00)
		lst6[001B] = (0034): E5DDE747 a0=(0,0,0,0,0,0,0,1,1,1,0,0,0,0,1.79769e+308,1.79769e+308) aX=(00 00 00 00 00 00 00 00 00 00 00 00 00 00 00 F0 3F 01 01 00 00 00 00 00 00 00 00 00 00 00 00 00 00 00 00 00 00 00 00 00 00 00 00 00 00 00 00 00 00 00 00 00 00 00 00 00 00 00 00 00 00 00 00 00 00 00 00)
		lst6[0020] = (0035): E5DDE747 a0=(0,0,0,0,0,0,0,1,1,1,0,0,0,0,1.79769e+308,1.79769e+308) aX=(00 00 00 00 00 00 00 00 00 00 00 00 00 00 00 F0 3F 01 01 00 00 00 00 00 00 00 00 00 00 00 00 00 00 00 00 00 00 00 00 00 00 00 00 00 00 00 00 00 00 00 00 00 00 00 00 00 00 00 00 00 00 00 00 00 00 00 00)
		lst6[0025] = (0036): E5DDE747 a0=(0,0,0,0,0,0,0,1,1,1,0,0,0,0,1.79769e+308,1.79769e+308) aX=(00 00 00 00 00 00 00 00 00 00 00 00 00 00 00 F0 3F 01 01 00 00 00 00 00 00 00 00 00 00 00 00 00 00 00 00 00 00 00 00 00 00 00 00 00 00 00 00 00 00 00 00 00 00 00 00 00 00 00 00 00 00 00 00 00 00 00 00)
		lst6[002A] = (0037): E5DDE747 a0=(0,0,0,0,0,0,0,1,1,1,0,0,0,0,1.79769e+308,1.79769e+308) aX=(00 00 00 00 00 00 00 00 00 00 00 00 00 00 00 F0 3F 01 01 00 00 00 00 00 00 00 00 00 00 00 00 00 00 00 00 00 00 00 00 00 00 00 00 00 00 00 00 00 00 00 00 00 00 00 00 00 00 00 00 00 00 00 00 00 00 00 00)
		lst6[002F] = (0038): E5DDE747 a0=(0,0,0,0,0,0,0,1,1,1,0,0,0,0,1.79769e+308,1.79769e+308) aX=(00 00 00 00 00 00 00 00 00 00 00 00 00 00 00 F0 3F 01 01 00 00 00 00 00 00 00 00 00 00 00 00 00 00 00 00 00 00 00 00 00 00 00 00 00 00 00 00 00 00 00 00 00 00 00 00 00 00 00 00 00 00 00 00 00 00 00 00)
		lst6[0034] = (0039): E5DDE747 a0=(0,0,0,0,0,0,0,1,1,1,0,0,0,0,1.79769e+308,1.79769e+308) aX=(00 00 00 00 00 00 00 00 00 00 00 00 00 00 00 F0 3F 01 01 00 00 00 00 00 00 00 00 00 00 00 00 00 00 00 00 00 00 00 00 00 00 00 00 00 00 00 00 00 00 00 00 00 00 00 00 00 00 00 00 00 00 00 00 00 00 00 00)
		lst6[0039] = (003A): E5DDE747 a0=(0,0,0,0,0,0,0,1,1,1,0,0,0,0,1.79769e+308,1.79769e+308) aX=(00 00 00 00 00 00 00 00 00 00 00 00 00 00 00 F0 3F 01 01 00 00 00 00 00 00 00 00 00 00 00 00 00 00 00 00 00 00 00 00 00 00 00 00 00 00 00 00 00 00 00 00 00 00 00 00 00 00 00 00 00 00 00 00 00 00 00 00)
		lst6[003E] = (003B): E5DDE747 a0=(0,0,0,0,0,0,0,1,1,1,0,0,0,0,1.79769e+308,1.79769e+308) aX=(00 00 00 00 00 00 00 00 00 00 00 00 00 00 00 F0 3F 01 01 00 00 00 00 00 00 00 00 00 00 00 00 00 00 00 00 00 00 00 00 00 00 00 00 00 00 00 00 00 00 00 00 00 00 00 00 00 00 00 00 00 00 00 00 00 00 00 00)
		lst6[0043] = (003C): E5DDE747 a0=(0,0,0,0,0,0,0,1,1,1,0,0,0,0,1.79769e+308,1.79769e+308) aX=(00 00 00 00 00 00 00 00 00 00 00 00 00 00 00 F0 3F 01 01 00 00 00 00 00 00 00 00 00 00 00 00 00 00 00 00 00 00 00 00 00 00 00 00 00 00 00 00 00 00 00 00 00 00 00 00 00 00 00 00 00 00 00 00 00 00 00 00)
		lst6[0048] = (003D): E5DDE747 a0=(0,0,0,0,0,0,0,1,1,1,0,0,0,0,1.79769e+308,1.79769e+308) aX=(00 00 00 00 00 00 00 00 00 00 00 00 00 00 00 F0 3F 01 01 00 00 00 00 00 00 00 00 00 00 00 00 00 00 00 00 00 00 00 00 00 00 00 00 00 00 00 00 00 00 00 00 00 00 00 00 00 00 00 00 00 00 00 00 00 00 00 00)
		lst6[004D] = (003E): E5DDE747 a0=(0,0,0,0,0,0,0,1,1,1,0,0,0,0,1.79769e+308,1.79769e+308) aX=(00 00 00 00 00 00 00 00 00 00 00 00 00 00 00 F0 3F 01 01 00 00 00 00 00 00 00 00 00 00 00 00 00 00 00 00 00 00 00 00 00 00 00 00 00 00 00 00 00 00 00 00 00 00 00 00 00 00 00 00 00 00 00 00 00 00 00 00)
		lst6[0052] = (003F): E5DDE747 a0=(0,0,0,0,0,0,0,1,1,1,0,0,0,0,1.79769e+308,1.79769e+308) aX=(00 00 00 00 00 00 00 00 00 00 00 00 00 00 00 F0 3F 01 01 00 00 00 00 00 00 00 00 00 00 00 00 00 00 00 00 00 00 00 00 00 00 00 00 00 00 00 00 00 00 00 00 00 00 00 00 00 00 00 00 00 00 00 00 00 00 00 00)
		lst6[0057] = (0040): E5DDE747 a0=(0,0,0,0,0,0,0,1,1,1,0,0,0,0,1.79769e+308,1.79769e+308) aX=(00 00 00 00 00 00 00 00 00 00 00 00 00 00 00 F0 3F 01 01 00 00 00 00 00 00 00 00 00 00 00 00 00 00 00 00 00 00 00 00 00 00 00 00 00 00 00 00 00 00 00 00 00 00 00 00 00 00 00 00 00 00 00 00 00 00 00 00)
		lst6[005C] = (0041): E5DDE747 a0=(0,0,0,0,0,0,0,1,1,1,0,0,0,0,1.79769e+308,1.79769e+308) aX=(00 00 00 00 00 00 00 00 00 00 00 00 00 00 00 F0 3F 01 01 00 00 00 00 00 00 00 00 00 00 00 00 00 00 00 00 00 00 00 00 00 00 00 00 00 00 00 00 00 00 00 00 00 00 00 00 00 00 00 00 00 00 00 00 00 00 00 00)
		lst6[0061] = (0042): E5DDE747 a0=(0,0,0,0,0,0,0,1,1,1,0,0,0,0,1.79769e+308,1.79769e+308) aX=(00 00 00 00 00 00 00 00 00 00 00 00 00 00 00 F0 3F 01 01 00 00 00 00 00 00 00 00 00 00 00 00 00 00 00 00 00 00 00 00 00 00 00 00 00 00 00 00 00 00 00 00 00 00 00 00 00 00 00 00 00 00 00 00 00 00 00 00)
		lst6[0066] = (0043): E5DDE747 a0=(0,0,0,0,0,0,0,1,1,1,0,0,0,0,1.79769e+308,1.79769e+308) aX=(00 00 00 00 00 00 00 00 00 00 00 00 00 00 00 F0 3F 01 01 00 00 00 00 00 00 00 00 00 00 00 00 00 00 00 00 00 00 00 00 00 00 00 00 00 00 00 00 00 00 00 00 00 00 00 00 00 00 00 00 00 00 00 00 00 00 00 00)
		lst6[006B] = (0044): E5DDE747 a0=(0,0,0,0,0,0,0,1,1,1,0,0,0,0,1.79769e+308,1.79769e+308) aX=(00 00 00 00 00 00 00 00 00 00 00 00 00 00 00 F0 3F 01 01 00 00 00 00 00 00 00 00 00 00 00 00 00 00 00 00 00 00 00 00 00 00 00 00 00 00 00 00 00 00 00 00 00 00 00 00 00 00 00 00 00 00 00 00 00 00 00 00)
		lst6[0070] = (0045): E5DDE747 a0=(0,0,0,0,0,0,0,1,1,1,0,0,0,0,1.79769e+308,1.79769e+308) aX=(00 00 00 00 00 00 00 00 00 00 00 00 00 00 00 F0 3F 01 01 00 00 00 00 00 00 00 00 00 00 00 00 00 00 00 00 00 00 00 00 00 00 00 00 00 00 00 00 00 00 00 00 00 00 00 00 00 00 00 00 00 00 00 00 00 00 00 00)
		lst6[0075] = (0046): E5DDE747 a0=(0,0,0,0,0,0,0,1,1,1,0,0,0,0,1.79769e+308,1.79769e+308) aX=(00 00 00 00 00 00 00 00 00 00 00 00 00 00 00 F0 3F 01 01 00 00 00 00 00 00 00 00 00 00 00 00 00 00 00 00 00 00 00 00 00 00 00 00 00 00 00 00 00 00 00 00 00 00 00 00 00 00 00 00 00 00 00 00 00 00 00 00)
		lst6[007A] = (0047): E5DDE747 a0=(0,0,0,0,0,0,0,1,1,1,0,0,0,0,1.79769e+308,1.79769e+308) aX=(00 00 00 00 00 00 00 00 00 00 00 00 00 00 00 F0 3F 01 01 00 00 00 00 00 00 00 00 00 00 00 00 00 00 00 00 00 00 00 00 00 00 00 00 00 00 00 00 00 00 00 00 00 00 00 00 00 00 00 00 00 00 00 00 00 00 00 00)
		lst6[0081] = (0048): E5DDE747 a0=(0,0,0,0,0,0,0,1,1,1,0,0,0,0,1.79769e+308,1.79769e+308) aX=(00 00 00 00 00 00 00 00 00 00 00 00 00 00 00 F0 3F 01 01 00 00 00 00 00 00 00 00 00 00 00 00 00 00 00 00 00 00 00 00 00 00 00 00 00 00 00 00 00 00 00 00 00 00 00 00 00 00 00 00 00 00 00 00 00 00 00 00)
		lst6[0086] = (0049): E5DDE747 a0=(0,0,0,0,0,0,0,1,1,1,0,0,0,0,1.79769e+308,1.79769e+308) aX=(00 00 00 00 00 00 00 00 00 00 00 00 00 00 00 F0 3F 01 01 00 00 00 00 00 00 00 00 00 00 00 00 00 00 00 00 00 00 00 00 00 00 00 00 00 00 00 00 00 00 00 00 00 00 00 00 00 00 00 00 00 00 00 00 00 00 00 00)
		lst6[008B] = (004A): E5DDE747 a0=(0,0,0,0,0,0,0,1,1,1,0,0,0,0,1.79769e+308,1.79769e+308) aX=(00 00 00 00 00 00 00 00 00 00 00 00 00 00 00 F0 3F 01 01 00 00 00 00 00 00 00 00 00 00 00 00 00 00 00 00 00 00 00 00 00 00 00 00 00 00 00 00 00 00 00 00 00 00 00 00 00 00 00 00 00 00 00 00 00 00 00 00)
		lst6[0090] = (004B): E5DDE747 a0=(0,0,0,0,0,0,0,1,1,1,0,0,0,0,1.79769e+308,1.79769e+308) aX=(00 00 00 00 00 00 00 00 00 00 00 00 00 00 00 F0 3F 01 01 00 00 00 00 00 00 00 00 00 00 00 00 00 00 00 00 00 00 00 00 00 00 00 00 00 00 00 00 00 00 00 00 00 00 00 00 00 00 00 00 00 00 00 00 00 00 00 00)
		lst6[0095] = (004C): E5DDE747 a0=(0,0,0,0,0,0,0,1,1,1,0,0,0,0,1.79769e+308,1.79769e+308) aX=(00 00 00 00 00 00 00 00 00 00 00 00 00 00 00 F0 3F 01 01 00 00 00 00 00 00 00 00 00 00 00 00 00 00 00 00 00 00 00 00 00 00 00 00 00 00 00 00 00 00 00 00 00 00 00 00 00 00 00 00 00 00 00 00 00 00 00 00)
		lst6[009A] = (004D): E5DDE747 a0=(0,0,0,0,0,0,0,1,1,1,0,0,0,0,1.79769e+308,1.79769e+308) aX=(00 00 00 00 00 00 00 00 00 00 00 00 00 00 00 F0 3F 01 01 00 00 00 00 00 00 00 00 00 00 00 00 00 00 00 00 00 00 00 00 00 00 00 00 00 00 00 00 00 00 00 00 00 00 00 00 00 00 00 00 00 00 00 00 00 00 00 00)
		lst6[009F] = (004E): E5DDE747 a0=(0,0,0,0,0,0,0,1,1,1,0,0,0,0,1.79769e+308,1.79769e+308) aX=(00 00 00 00 00 00 00 00 00 00 00 00 00 00 00 F0 3F 01 01 00 00 00 00 00 00 00 00 00 00 00 00 00 00 00 00 00 00 00 00 00 00 00 00 00 00 00 00 00 00 00 00 00 00 00 00 00 00 00 00 00 00 00 00 00 00 00 00)
		lst6[00A4] = (004F): E5DDE747 a0=(0,0,0,0,0,0,0,1,1,1,0,0,0,0,1.79769e+308,1.79769e+308) aX=(00 00 00 00 00 00 00 00 00 00 00 00 00 00 00 F0 3F 01 01 00 00 00 00 00 00 00 00 00 00 00 00 00 00 00 00 00 00 00 00 00 00 00 00 00 00 00 00 00 00 00 00 00 00 00 00 00 00 00 00 00 00 00 00 00 00 00 00)
		lst6[00A9] = (0050): E5DDE747 a0=(0,0,0,0,0,0,0,1,1,1,0,0,0,0,1.79769e+308,1.79769e+308) aX=(00 00 00 00 00 00 00 00 00 00 00 00 00 00 00 F0 3F 01 01 00 00 00 00 00 00 00 00 00 00 00 00 00 00 00 00 00 00 00 00 00 00 00 00 00 00 00 00 00 00 00 00 00 00 00 00 00 00 00 00 00 00 00 00 00 00 00 00)
		lst6[00B1] = (0051): E5DDE747 a0=(0,0,0,0,0,0,0,1,1,1,0,0,0,0,1.79769e+308,1.79769e+308) aX=(00 00 00 00 00 00 00 00 00 00 00 00 00 00 00 F0 3F 01 01 00 00 00 00 00 00 00 00 00 00 00 00 00 00 00 00 00 00 00 00 00 00 00 00 00 00 00 00 00 00 00 00 00 00 00 00 00 00 00 00 00 00 00 00 00 00 00 00)
		lst6[00BB] = (0052): E5DDE747 a0=(0,0,0,0,0,0,0,1,1,1,0,0,0,0,1.79769e+308,1.79769e+308) aX=(00 00 00 00 00 00 00 00 00 00 00 00 00 00 00 F0 3F 01 01 00 00 00 00 00 00 00 00 00 00 00 00 00 00 00 00 00 00 00 00 00 00 00 00 00 00 00 00 00 00 00 00 00 00 00 00 00 00 00 00 00 00 00 00 00 00 00 00)
		lst6[00C1] = (0053): E5DDE747 a0=(0,0,0,0,0,0,0,1,1,1,0,0,0,0,1.79769e+308,1.79769e+308) aX=(00 00 00 00 00 00 00 00 00 00 00 00 00 00 00 F0 3F 01 01 00 00 00 00 00 00 00 00 00 00 00 00 00 00 00 00 00 00 00 00 00 00 00 00 00 00 00 00 00 00 00 00 00 00 00 00 00 00 00 00 00 00 00 00 00 00 00 00)
		lst6[00C6] = (0054): E5DDE747 a0=(0,0,0,0,0,0,0,1,1,1,0,0,0,0,1.79769e+308,1.79769e+308) aX=(00 00 00 00 00 00 00 00 00 00 00 00 00 00 00 F0 3F 01 01 00 00 00 00 00 00 00 00 00 00 00 00 00 00 00 00 00 00 00 00 00 00 00 00 00 00 00 00 00 00 00 00 00 00 00 00 00 00 00 00 00 00 00 00 00 00 00 00)
		lst6[00CB] = (0055): E5DDE747 a0=(0,0,0,0,0,0,0,1,1,1,0,0,0,0,1.79769e+308,1.79769e+308) aX=(00 00 00 00 00 00 00 00 00 00 00 00 00 00 00 F0 3F 01 01 00 00 00 00 00 00 00 00 00 00 00 00 00 00 00 00 00 00 00 00 00 00 00 00 00 00 00 00 00 00 00 00 00 00 00 00 00 00 00 00 00 00 00 00 00 00 00 00)
		lst6[00D0] = (0056): E5DDE747 a0=(0,0,0,0,0,0,0,1,1,1,0,0,0,0,1.79769e+308,1.79769e+308) aX=(00 00 00 00 00 00 00 00 00 00 00 00 00 00 00 F0 3F 01 01 00 00 00 00 00 00 00 00 00 00 00 00 00 00 00 00 00 00 00 00 00 00 00 00 00 00 00 00 00 00 00 00 00 00 00 00 00 00 00 00 00 00 00 00 00 00 00 00)
		lst6[00D4] = (0057): E5DDE747 a0=(0,0,0,0,0,0,0,1,1,1,0,0,0,0,1.79769e+308,1.79769e+308) aX=(00 00 00 00 00 00 00 00 00 00 00 00 00 00 00 F0 3F 01 01 00 00 00 00 00 00 00 00 00 00 00 00 00 00 00 00 00 00 00 00 00 00 00 00 00 00 00 00 00 00 00 00 00 00 00 00 00 00 00 00 00 00 00 00 00 00 00 00)
		lst6[00D8] = (0058): E5DDE747 a0=(0,0,0,0,0,0,0,1,1,1,0,0,0,0,1.79769e+308,1.79769e+308) aX=(00 00 00 00 00 00 00 00 00 00 00 00 00 00 00 F0 3F 01 01 00 00 00 00 00 00 00 00 00 00 00 00 00 00 00 00 00 00 00 00 00 00 00 00 00 00 00 00 00 00 00 00 00 00 00 00 00 00 00 00 00 00 00 00 00 00 00 00)
		lst6[00DC] = (0059): E5DDE747 a0=(0,0,0,0,0,0,0,1,1,1,0,0,0,0,1.79769e+308,1.79769e+308) aX=(00 00 00 00 00 00 00 00 00 00 00 00 00 00 00 F0 3F 01 01 00 00 00 00 00 00 00 00 00 00 00 00 00 00 00 00 00 00 00 00 00 00 00 00 00 00 00 00 00 00 00 00 00 00 00 00 00 00 00 00 00 00 00 00 00 00 00 00)
		lst6[00E1] = (005A): E5DDE747 a0=(0,0,0,0,0,0,0,1,1,1,0,0,0,0,1.79769e+308,1.79769e+308) aX=(00 00 00 00 00 00 00 00 00 00 00 00 00 00 00 F0 3F 01 01 00 00 00 00 00 00 00 00 00 00 00 00 00 00 00 00 00 00 00 00 00 00 00 00 00 00 00 00 00 00 00 00 00 00 00 00 00 00 00 00 00 00 00 00 00 00 00 00)
		lst6[00E6] = (005B): E5DDE747 a0=(0,0,0,0,0,0,0,1,1,1,0,0,0,0,1.79769e+308,1.79769e+308) aX=(00 00 00 00 00 00 00 00 00 00 00 00 00 00 00 F0 3F 01 01 00 00 00 00 00 00 00 00 00 00 00 00 00 00 00 00 00 00 00 00 00 00 00 00 00 00 00 00 00 00 00 00 00 00 00 00 00 00 00 00 00 00 00 00 00 00 00 00)
		lst6[00EB] = (005C): E5DDE747 a0=(0,0,0,0,0,0,0,1,1,1,0,0,0,0,1.79769e+308,1.79769e+308) aX=(00 00 00 00 00 00 00 00 00 00 00 00 00 00 00 F0 3F 01 01 00 00 00 00 00 00 00 00 00 00 00 00 00 00 00 00 00 00 00 00 00 00 00 00 00 00 00 00 00 00 00 00 00 00 00 00 00 00 00 00 00 00 00 00 00 00 00 00)
		lst6[00F0] = (005D): E5DDE747 a0=(0,0,0,0,0,0,0,1,1,1,0,0,0,0,1.79769e+308,1.79769e+308) aX=(00 00 00 00 00 00 00 00 00 00 00 00 00 00 00 F0 3F 01 01 00 00 00 00 00 00 00 00 00 00 00 00 00 00 00 00 00 00 00 00 00 00 00 00 00 00 00 00 00 00 00 00 00 00 00 00 00 00 00 00 00 00 00 00 00 00 00 00)
		lst6[00F5] = (005E): E5DDE747 a0=(0,0,0,0,0,0,0,1,1,1,0,0,0,0,1.79769e+308,1.79769e+308) aX=(00 00 00 00 00 00 00 00 00 00 00 00 00 00 00 F0 3F 01 01 00 00 00 00 00 00 00 00 00 00 00 00 00 00 00 00 00 00 00 00 00 00 00 00 00 00 00 00 00 00 00 00 00 00 00 00 00 00 00 00 00 00 00 00 00 00 00 00)
		lst6[00FA] = (005F): E5DDE747 a0=(0,0,0,0,0,0,0,1,1,1,0,0,0,0,1.79769e+308,1.79769e+308) aX=(00 00 00 00 00 00 00 00 00 00 00 00 00 00 00 F0 3F 01 01 00 00 00 00 00 00 00 00 00 00 00 00 00 00 00 00 00 00 00 00 00 00 00 00 00 00 00 00 00 00 00 00 00 00 00 00 00 00 00 00 00 00 00 00 00 00 00 00)
		lst6[00FF] = (0060): E5DDE747 a0=(0,0,0,0,0,0,0,1,1,1,0,0,0,0,1.79769e+308,1.79769e+308) aX=(00 00 00 00 00 00 00 00 00 00 00 00 00 00 00 F0 3F 01 01 00 00 00 00 00 00 00 00 00 00 00 00 00 00 00 00 00 00 00 00 00 00 00 00 00 00 00 00 00 00 00 00 00 00 00 00 00 00 00 00 00 00 00 00 00 00 00 00)
		lst6[0104] = (0061): E5DDE747 a0=(0,0,0,0,0,0,0,1,1,1,0,0,0,0,1.79769e+308,1.79769e+308) aX=(00 00 00 00 00 00 00 00 00 00 00 00 00 00 00 F0 3F 01 01 00 00 00 00 00 00 00 00 00 00 00 00 00 00 00 00 00 00 00 00 00 00 00 00 00 00 00 00 00 00 00 00 00 00 00 00 00 00 00 00 00 00 00 00 00 00 00 00)
		lst6[0109] = (0062): E5DDE747 a0=(0,0,0,0,0,0,0,1,1,1,0,0,0,0,1.79769e+308,1.79769e+308) aX=(00 00 00 00 00 00 00 00 00 00 00 00 00 00 00 F0 3F 01 01 00 00 00 00 00 00 00 00 00 00 00 00 00 00 00 00 00 00 00 00 00 00 00 00 00 00 00 00 00 00 00 00 00 00 00 00 00 00 00 00 00 00 00 00 00 00 00 00)
		lst6[010E] = (0063): E5DDE747 a0=(0,0,0,0,0,0,0,1,1,1,0,0,0,0,1.79769e+308,1.79769e+308) aX=(00 00 00 00 00 00 00 00 00 00 00 00 00 00 00 F0 3F 01 01 00 00 00 00 00 00 00 00 00 00 00 00 00 00 00 00 00 00 00 00 00 00 00 00 00 00 00 00 00 00 00 00 00 00 00 00 00 00 00 00 00 00 00 00 00 00 00 00)
		lst6[0112] = (0064): E5DDE747 a0=(0,0,0,0,0,0,0,1,1,1,0,0,0,0,1.79769e+308,1.79769e+308) aX=(00 00 00 00 00 00 00 00 00 00 00 00 00 00 00 F0 3F 01 01 00 00 00 00 00 00 00 00 00 00 00 00 00 00 00 00 00 00 00 00 00 00 00 00 00 00 00 00 00 00 00 00 00 00 00 00 00 00 00 00 00 00 00 00 00 00 00 00)
(0006): F8D07626 uid={FE9705E2-7C75-4C3B-99D5-5649DE7FFA7C}
(0007): 81A9D693 l0=0000 uid_0={0263D59C-D6A0-4F2C-94C5-2E59E55246C9}
(0008): iMates u32_0=0001
