[2025]
(0001): 128AAF24 lst1=[(2,(22),1,2,(),Vector (-0.45, -1.5850000000000004, -6.919326950922001),Vector (0.45, -0.9350000000000002, -0.6193269509219999)),(27,(26),1,2,(),Vector (-1.0000000000000016, -1.385000002000002, -5.64529171421),Vector (1.0000000000000013, -0.5850000020000004, -2.6200059083488396)),(32,(31),1,2,(),Vector (-1.5, -0.6000000020000003, -5.152648811277006),Vector (1.5, 0.7999999979999999, -1.9326488112769997)),(37,(36),1,2,(),Vector (-0.299999999999999, -0.30000000000000004, -7.54),Vector (0.3000000000000011, 0.30000000000000004, 0.15000000000000036)),(42,(41),1,2,(),Vector (-1.5, -2.035, -7.65),Vector (1.5, 0.7649999999999997, 0.04999999999999982)),(47,(46),1,2,(),Vector (-0.999999999999999, -1.0, 0.04999999999999982),Vector (1.000000000000001, 1.0, 2.25)),(52,(51),1,2,(),Vector (0.3122203520949993, -0.5216023089500013, -9.989289321928),Vector (0.6222203520949998, -0.22160230895000055, -9.864289321876202)),(57,(56),1,2,(),Vector (-0.5750000000000001, -1.7314999999999996, -9.589289321928),Vector (0.5750000000000001, -1.1915, -9.279289321928)),(62,(61),1,2,(),Vector (-0.8900000000000001, -1.7314999999999998, -9.699289321928001),Vector (0.8900000000000001, -0.21149999999999913, -9.359289321928)),(67,(66),1,2,(),Vector (-0.6400000000000001, -0.5465, -9.989289321928),Vector (0.2140000000000002, -0.24649999999999928, -9.699289321928)),(72,(71),1,2,(),Vector (-0.3000000000000024, -0.8873881840820996, -9.53325156390582),Vector (0.30000000000000143, -0.5995005945596996, -8.75928932192797)),(77,(76),1,2,(),Vector (-0.43000000000000016, -0.6114999999999996, -8.759289321928),Vector (0.4299999999999997, -0.11149999999999957, -7.8992893219279985)),(82,(81),1,2,(),Vector (-1.75, -2.2349999999998, -10.099289321928),Vector (1.75, -0.10999999999999921, -7.709289321927999)),(87,(86),1,2,(),Vector (-1.75, -0.5599999999995999, -10.099289321930002),Vector (1.75, 0.04000000000040016, -7.709289321928001)),(92,(91),1,2,(),Vector (-0.5900000000000002, -0.4964999999999993, -9.989289321928),Vector (0.16400000000000015, -0.2964999999999991, -9.889289321927999)),(97,(96),1,2,(),Vector (-0.1285, -0.4064999999999994, -9.989289321928),Vector (-0.04349999999999998, -0.38649999999999984, -9.929289321928)),(102,(101),1,2,(),Vector (-0.38250000000000006, -0.4064999999999994, -9.989289321928),Vector (-0.2975, -0.38649999999999984, -9.929289321928)),(107,(106),1,2,(),Vector (-0.8900000000000001, -2.4814999999999996, -10.099289321928001),Vector (0.8900000000000002, -0.21149999999999913, -9.672289321928)),(112,(111),1,2,(),Vector (-1.750000000000009, -2.035, -11.0994125201566),Vector (1.749999999999991, 1.4650000000000003, -10.099289321930002)),(117,(116),1,2,(),Vector (-2.5, 1.4649999999999996, -5.292648811277001),Vector (-1.2999999999999996, 2.2649999999999997, -2.0926488112770003)),(122,(121),1,2,(),Vector (-1.0999999999999996, 4.3814718625951485, -9.107106781186888),Vector (1.7000000000000004, 5.866396103086899, -7.622182540695137)),(129,(128),1,2,(),Vector (-2.5000000000000004, 3.995405845417161, -9.70530483272084),Vector (2.5000000000000018, 6.548172796401699, -6.120405845398682)),(134,(133),1,2,(),Vector (2.5, -2.085000000000001, -11.4),Vector (2.8000000000000003, 6.8149999999999995, 0.09999999999999964)),(139,(138),1,2,(),Vector (-2.8000000000000003, 5.865, -11.4),Vector (-0.7999999999999998, 7.865000000000001, 0.1)),(144,(143),1,2,(),Vector (-1.8500000000000048, -3.1350000000000007, -11.4),Vector (1.8499999999999954, -2.8350000000000004, 0.09999999999999964)),(149,(148),1,2,(),Vector (-1.7499999999999853, 7.565000000000001, -11.4),Vector (1.7500000000000147, 7.865000000000001, 0.09999999999999964)),(154,(153),1,2,(),Vector (-2.799999999999996, -3.134999999999998, 0.09999999999999998),Vector (2.8000000000016905, 7.865000000000002, 0.4)),(159,(158),1,2,(),Vector (-2.8000000000000296, -3.1350000000000016, -11.700000000000001),Vector (2.799999999999971, 7.865, -11.4)),(164,(163),1,2,(),Vector (-1.8999999999999941, -2.535, -11.35),Vector (1.9000000000000061, -2.0349999999999984, 0.05000000000000071)),(169,(168),1,2,(),Vector (-2.4875471698112843, 2.4749999999999894, 0.830000000000001),Vector (2.4924528301887166, 7.454999999999991, 5.630000000000001)),(177,(176),1,2,(),Vector (-2.489999999999967, 2.4749999999999983, 0.18),Vector (2.4900000000000335, 7.455, 4.98)),(187,(186),1,2,(),Vector (-2.497547169811285, 2.4649999999999905, 5.410000000000001),Vector (3.0624528301887177, 8.02499999999999, 5.910000000000001)),(193,(192),1,2,(),Vector (-2.4899999999999665, 2.475000000000141, 1.2000000000000002),Vector (2.490000000000034, 7.455000000000141, 1.800000000000002)),(198,(197),1,2,(),Vector (-2.49, 3.7150000000001437, 1.9000000000000001),Vector (2.49, 6.215000000000144, 2.45)),(203,(202),1,2,(),Vector (-3.749999999999977, 3.6650000000000005, 1.7999999999999998),Vector (3.750000000000023, 6.265000000000022, 1.9)),(208,(207),1,2,(),Vector (-2.8000000000000003, -3.1350000000000002, -11.4),Vector (-0.7999999999999998, -1.135, 0.09999999999999964)),(212,(211),1,2,(),Vector (0.7999999999999998, -3.1350000000000002, -11.4),Vector (2.8000000000000003, -1.135, 0.1)),(216,(215),1,2,(),Vector (0.7999999999999998, 5.865, -11.4),Vector (2.8000000000000003, 7.865000000000001, 0.09999999999999964)),(220,(219),1,2,(),Vector (-0.3890000000000243, 4.611, 1.06512775252),Vector (0.3889999999999757, 5.389, 1.1463511887230005)),(225,(224),1,2,(),Vector (-1.2200000000000242, 3.7799999999999994, -3.0776488112769997),Vector (1.2199999999999758, 6.220000000000001, -2.652648811277)),(230,(229),1,2,(),Vector (-0.18000000000002433, 4.82, 1.0955269635750002),Vector (0.1799999999999757, 5.18, 1.1463511887230005)),(235,(234),1,2,(),Vector (-0.5488792946457244, 4.451120705354263, -2.0164797805859997),Vector (0.5488792946457842, 5.5488792946457, -1.8171689410396497)),(240,(239),1,2,(),Vector (-1.3020826094077205, 3.6976327118550456, -2.6476488112769996),Vector (1.3022144505754925, 6.3023672880694255, 1.1463511887230005)),(245,(244),1,2,(),Vector (1.7976931348623157e+308, 1.7976931348623157e+308, 1.7976931348623157e+308),Vector (-1.7976931348623157e+308, -1.7976931348623157e+308, -1.7976931348623157e+308)),(250,(248),1,1,(252),Vector (-1.0454860760424853, 3.9551146026598047, -3.1169964582361054),Vector (1.0444627659446637, 6.044401620779368, -2.737340254779899)),(255,(254),1,2,(),Vector (-0.9450000000000243, 4.055, -3.197648811277),Vector (0.9449999999999756, 5.945, -3.0801347144933997)),(260,(259),1,2,(),Vector (-1.5000000000000013, 0.8, -5.052648811277),Vector (1.4999999999999987, 6.4, -2.052648811277)),(265,(264),1,2,(),Vector (-2.3000000000000003, 4.515, 1.9500000000000002),Vector (-1.3299999999999998, 5.485, 2.4200000000000004)),(270,(269),1,2,(),Vector (1.3299999999999998, 4.444999999999999, 1.9500000000000002),Vector (2.3000000000000003, 5.415, 2.4200000000000004)),(274,(273),1,2,(),Vector (7.40541989622638, -3.3168512522951477, -5.942262237265521),Vector (10.355419896231021, -0.36685125229050763, -4.046137685703317))] lst2=[(0016,0000),(001A,0000),(001F,0000),(0024,0000),(0029,0000),(002E,0000),(0033,0000),(0038,0000),(003D,0000),(0042,0000),(0047,0000),(004C,0000),(0051,0000),(0056,0000),(005B,0000),(0060,0000),(0065,0000),(006A,0000),(006F,0000),(0074,0000),(0079,0000),(0080,0000),(0085,0000),(008A,0000),(008F,0000),(0094,0000),(0099,0000),(009E,0000),(00A3,0000),(00A8,0000),(00B0,0000),(00BA,0000),(00C0,0000),(00C5,0000),(00CA,0000),(00CF,0000),(00D3,0000),(00D7,0000),(00DB,0000),(00E0,0000),(00E5,0000),(00EA,0000),(00EF,0000),(00F4,0000),(00F8,0000),(00FE,0000),(0103,0000),(0108,0000),(010D,0000),(0111,0000)] lst3=[] lst4=[] lst5={} lst6=[(0002,0100,0016,(0016)),(001B,0100,001A,(001A)),(0020,0100,001F,(001F)),(0025,0100,0024,(0024)),(002A,0100,0029,(0029)),(002F,0100,002E,(002E)),(0034,0100,0033,(0033)),(0039,0100,0038,(0038)),(003E,0100,003D,(003D)),(0043,0100,0042,(0042)),(0048,0100,0047,(0047)),(004D,0100,004C,(004C)),(0052,0100,0051,(0051)),(0057,0100,0056,(0056)),(005C,0100,005B,(005B)),(0061,0100,0060,(0060)),(0066,0100,0065,(0065)),(006B,0100,006A,(006A)),(0070,0100,006F,(006F)),(0075,0100,0074,(0074)),(007A,0100,0079,(0079)),(0081,0100,0080,(0080)),(0086,0100,0085,(0085)),(008B,0100,008A,(008A)),(0090,0100,008F,(008F)),(0095,0100,0094,(0094)),(009A,0100,0099,(0099)),(009F,0100,009E,(009E)),(00A4,0100,00A3,(00A3)),(00A9,0100,00A8,(00A8)),(00B1,0100,00B0,(00B0)),(00BB,0100,00BA,(00BA)),(00C1,0100,00C0,(00C0)),(00C6,0100,00C5,(00C5)),(00CB,0100,00CA,(00CA)),(00D0,0100,00CF,(00CF)),(00D4,0100,00D3,(00D3)),(00D8,0100,00D7,(00D7)),(00DC,0100,00DB,(00DB)),(00E1,0100,00E0,(00E0)),(00E6,0100,00E5,(00E5)),(00EB,0100,00EA,(00EA)),(00F0,0100,00EF,(00EF)),(00F5,0100,00F4,(00F4)),(00FA,0001,00F8,(00F8)),(00FF,0100,00FE,(00FE)),(0104,0100,0103,(0103)),(0109,0100,0108,(0108)),(010E,0100,010D,(010D)),(0112,0100,0111,(0111))] lst7=[] u8_1=01 lst8=[] u8_2=01
(0002): F645595C u32_0=071D schema=002C u32_2=0000 u8_0=01 s32_0=-1  lastKey=99
	ref_1 = (0003): SatHistory s32_0=0  delta_states=(0,1,2,3,4,5,6,7,8,9,10,11,12,13,14,15,16,17,18,19,20,21,22,23,24,25,26,27,28,29,30,31,32,33,34,35,36,37,38,39,40,41,42,43,44,45,46,47,48,49,50,51,52,53,54,55,56,57,58,59,60,61,62,63,64,65,66,67,68,69,70,71,72,73,74,75,76,77,78,79,80,81,82,83,84,85,86,87,88,89,90,91,92,93,94,95,96,97,98,99)  
		delta_mapping[0000] = (0004): 09780457 delta_state=0 
		delta_mapping[0001] = (0005): 09780457 delta_state=1 
			lst0[0000] = (0069): 809BE56Froot=80000003  flags=1004 ref_0=80000001 aX=(00 01)
			lst0[0001] = (006A): 80CAECF1root=80000003  flags=400004 ref_0=80000001 aX=(00 01)
			lst0[0002] = (006B): E9B04618root=80000003  flags=1000004 ref_0=80000001 aX=(00 01)
			lst0[0003] = (006C): 0E70AF5Croot=80000003  flags=2004 ref_0=80000001 dcBodyIdx=0002
			lst0[0004] = (006D): 3E0040FDroot=80000003  flags=8004 ref_0=80000001 dcBodyIdx=0002 dcCreatorIdx=0016
			lst0[0005] = (006E): E065E15Aroot=80000003  flags=800004 ref_0=80000001 dcBodyIdx=0002 u32_0=0000 dcCreatorIdx=0016
			lst0[0006] = (006F): 9147489Aroot=80000003  flags=80004 ref_0=80000001 dcBodyIdx=0002 aX=(00 01)
		delta_mapping[0002] = (0006): 09780457 delta_state=2 
		delta_mapping[0003] = (0007): 09780457 delta_state=3 
			lst0[0000] = (0070): 0E70AF5Croot=80000003  flags=2004 ref_0=80000001 dcBodyIdx=001B
			lst0[0001] = (0071): 3E0040FDroot=80000003  flags=8004 ref_0=80000001 dcBodyIdx=001B dcCreatorIdx=001A
			lst0[0002] = (0072): E065E15Aroot=80000003  flags=800004 ref_0=80000001 dcBodyIdx=001B u32_0=0000 dcCreatorIdx=001A
			lst0[0003] = (0073): 9147489Aroot=80000003  flags=80004 ref_0=80000001 dcBodyIdx=001B aX=(00 01)
		delta_mapping[0004] = (0008): 09780457 delta_state=4 
		delta_mapping[0005] = (0009): 09780457 delta_state=5 
			lst0[0000] = (0074): 0E70AF5Croot=80000003  flags=2004 ref_0=80000001 dcBodyIdx=0020
			lst0[0001] = (0075): 3E0040FDroot=80000003  flags=8004 ref_0=80000001 dcBodyIdx=0020 dcCreatorIdx=001F
			lst0[0002] = (0076): E065E15Aroot=80000003  flags=800004 ref_0=80000001 dcBodyIdx=0020 u32_0=0000 dcCreatorIdx=001F
			lst0[0003] = (0077): 9147489Aroot=80000003  flags=80004 ref_0=80000001 dcBodyIdx=0020 aX=(00 01)
		delta_mapping[0006] = (000A): 09780457 delta_state=6 
		delta_mapping[0007] = (000B): 09780457 delta_state=7 
			lst0[0000] = (0078): 0E70AF5Croot=80000003  flags=2004 ref_0=80000001 dcBodyIdx=0025
			lst0[0001] = (0079): 3E0040FDroot=80000003  flags=8004 ref_0=80000001 dcBodyIdx=0025 dcCreatorIdx=0024
			lst0[0002] = (007A): E065E15Aroot=80000003  flags=800004 ref_0=80000001 dcBodyIdx=0025 u32_0=0000 dcCreatorIdx=0024
			lst0[0003] = (007B): 9147489Aroot=80000003  flags=80004 ref_0=80000001 dcBodyIdx=0025 aX=(00 01)
		delta_mapping[0008] = (000C): 09780457 delta_state=8 
		delta_mapping[0009] = (000D): 09780457 delta_state=9 
			lst0[0000] = (007C): 0E70AF5Croot=80000003  flags=2004 ref_0=80000001 dcBodyIdx=002A
			lst0[0001] = (007D): 3E0040FDroot=80000003  flags=8004 ref_0=80000001 dcBodyIdx=002A dcCreatorIdx=0029
			lst0[0002] = (007E): E065E15Aroot=80000003  flags=800004 ref_0=80000001 dcBodyIdx=002A u32_0=0000 dcCreatorIdx=0029
			lst0[0003] = (007F): 9147489Aroot=80000003  flags=80004 ref_0=80000001 dcBodyIdx=002A aX=(00 01)
		delta_mapping[000A] = (000E): 09780457 delta_state=10 
		delta_mapping[000B] = (000F): 09780457 delta_state=11 
			lst0[0000] = (0080): 0E70AF5Croot=80000003  flags=2004 ref_0=80000001 dcBodyIdx=002F
			lst0[0001] = (0081): 3E0040FDroot=80000003  flags=8004 ref_0=80000001 dcBodyIdx=002F dcCreatorIdx=002E
			lst0[0002] = (0082): E065E15Aroot=80000003  flags=800004 ref_0=80000001 dcBodyIdx=002F u32_0=0000 dcCreatorIdx=002E
			lst0[0003] = (0083): 9147489Aroot=80000003  flags=80004 ref_0=80000001 dcBodyIdx=002F aX=(00 01)
		delta_mapping[000C] = (0010): 09780457 delta_state=12 
		delta_mapping[000D] = (0011): 09780457 delta_state=13 
			lst0[0000] = (0084): 0E70AF5Croot=80000003  flags=2004 ref_0=80000001 dcBodyIdx=0034
			lst0[0001] = (0085): 3E0040FDroot=80000003  flags=8004 ref_0=80000001 dcBodyIdx=0034 dcCreatorIdx=0033
			lst0[0002] = (0086): E065E15Aroot=80000003  flags=800004 ref_0=80000001 dcBodyIdx=0034 u32_0=0000 dcCreatorIdx=0033
			lst0[0003] = (0087): 9147489Aroot=80000003  flags=80004 ref_0=80000001 dcBodyIdx=0034 aX=(00 01)
		delta_mapping[000E] = (0012): 09780457 delta_state=14 
		delta_mapping[000F] = (0013): 09780457 delta_state=15 
			lst0[0000] = (0088): 0E70AF5Croot=80000003  flags=2004 ref_0=80000001 dcBodyIdx=0039
			lst0[0001] = (0089): 3E0040FDroot=80000003  flags=8004 ref_0=80000001 dcBodyIdx=0039 dcCreatorIdx=0038
			lst0[0002] = (008A): E065E15Aroot=80000003  flags=800004 ref_0=80000001 dcBodyIdx=0039 u32_0=0000 dcCreatorIdx=0038
			lst0[0003] = (008B): 9147489Aroot=80000003  flags=80004 ref_0=80000001 dcBodyIdx=0039 aX=(00 01)
		delta_mapping[0010] = (0014): 09780457 delta_state=16 
		delta_mapping[0011] = (0015): 09780457 delta_state=17 
			lst0[0000] = (008C): 0E70AF5Croot=80000003  flags=2004 ref_0=80000001 dcBodyIdx=003E
			lst0[0001] = (008D): 3E0040FDroot=80000003  flags=8004 ref_0=80000001 dcBodyIdx=003E dcCreatorIdx=003D
			lst0[0002] = (008E): E065E15Aroot=80000003  flags=800004 ref_0=80000001 dcBodyIdx=003E u32_0=0000 dcCreatorIdx=003D
			lst0[0003] = (008F): 9147489Aroot=80000003  flags=80004 ref_0=80000001 dcBodyIdx=003E aX=(00 01)
		delta_mapping[0012] = (0016): 09780457 delta_state=18 
		delta_mapping[0013] = (0017): 09780457 delta_state=19 
			lst0[0000] = (0090): 0E70AF5Croot=80000003  flags=2004 ref_0=80000001 dcBodyIdx=0043
			lst0[0001] = (0091): 3E0040FDroot=80000003  flags=8004 ref_0=80000001 dcBodyIdx=0043 dcCreatorIdx=0042
			lst0[0002] = (0092): E065E15Aroot=80000003  flags=800004 ref_0=80000001 dcBodyIdx=0043 u32_0=0000 dcCreatorIdx=0042
			lst0[0003] = (0093): 9147489Aroot=80000003  flags=80004 ref_0=80000001 dcBodyIdx=0043 aX=(00 01)
		delta_mapping[0014] = (0018): 09780457 delta_state=20 
		delta_mapping[0015] = (0019): 09780457 delta_state=21 
			lst0[0000] = (0094): 0E70AF5Croot=80000003  flags=2004 ref_0=80000001 dcBodyIdx=0048
			lst0[0001] = (0095): 3E0040FDroot=80000003  flags=8004 ref_0=80000001 dcBodyIdx=0048 dcCreatorIdx=0047
			lst0[0002] = (0096): E065E15Aroot=80000003  flags=800004 ref_0=80000001 dcBodyIdx=0048 u32_0=0000 dcCreatorIdx=0047
			lst0[0003] = (0097): 9147489Aroot=80000003  flags=80004 ref_0=80000001 dcBodyIdx=0048 aX=(00 01)
		delta_mapping[0016] = (001A): 09780457 delta_state=22 
		delta_mapping[0017] = (001B): 09780457 delta_state=23 
			lst0[0000] = (0098): 0E70AF5Croot=80000003  flags=2004 ref_0=80000001 dcBodyIdx=004D
			lst0[0001] = (0099): 3E0040FDroot=80000003  flags=8004 ref_0=80000001 dcBodyIdx=004D dcCreatorIdx=004C
			lst0[0002] = (009A): E065E15Aroot=80000003  flags=800004 ref_0=80000001 dcBodyIdx=004D u32_0=0000 dcCreatorIdx=004C
			lst0[0003] = (009B): 9147489Aroot=80000003  flags=80004 ref_0=80000001 dcBodyIdx=004D aX=(00 01)
		delta_mapping[0018] = (001C): 09780457 delta_state=24 
		delta_mapping[0019] = (001D): 09780457 delta_state=25 
			lst0[0000] = (009C): 0E70AF5Croot=80000003  flags=2004 ref_0=80000001 dcBodyIdx=0052
			lst0[0001] = (009D): 3E0040FDroot=80000003  flags=8004 ref_0=80000001 dcBodyIdx=0052 dcCreatorIdx=0051
			lst0[0002] = (009E): E065E15Aroot=80000003  flags=800004 ref_0=80000001 dcBodyIdx=0052 u32_0=0000 dcCreatorIdx=0051
			lst0[0003] = (009F): 9147489Aroot=80000003  flags=80004 ref_0=80000001 dcBodyIdx=0052 aX=(00 01)
		delta_mapping[001A] = (001E): 09780457 delta_state=26 
		delta_mapping[001B] = (001F): 09780457 delta_state=27 
			lst0[0000] = (00A0): 0E70AF5Croot=80000003  flags=2004 ref_0=80000001 dcBodyIdx=0057
			lst0[0001] = (00A1): 3E0040FDroot=80000003  flags=8004 ref_0=80000001 dcBodyIdx=0057 dcCreatorIdx=0056
			lst0[0002] = (00A2): E065E15Aroot=80000003  flags=800004 ref_0=80000001 dcBodyIdx=0057 u32_0=0000 dcCreatorIdx=0056
			lst0[0003] = (00A3): 9147489Aroot=80000003  flags=80004 ref_0=80000001 dcBodyIdx=0057 aX=(00 01)
		delta_mapping[001C] = (0020): 09780457 delta_state=28 
		delta_mapping[001D] = (0021): 09780457 delta_state=29 
			lst0[0000] = (00A4): 0E70AF5Croot=80000003  flags=2004 ref_0=80000001 dcBodyIdx=005C
			lst0[0001] = (00A5): 3E0040FDroot=80000003  flags=8004 ref_0=80000001 dcBodyIdx=005C dcCreatorIdx=005B
			lst0[0002] = (00A6): E065E15Aroot=80000003  flags=800004 ref_0=80000001 dcBodyIdx=005C u32_0=0000 dcCreatorIdx=005B
			lst0[0003] = (00A7): 9147489Aroot=80000003  flags=80004 ref_0=80000001 dcBodyIdx=005C aX=(00 01)
		delta_mapping[001E] = (0022): 09780457 delta_state=30 
		delta_mapping[001F] = (0023): 09780457 delta_state=31 
			lst0[0000] = (00A8): 0E70AF5Croot=80000003  flags=2004 ref_0=80000001 dcBodyIdx=0061
			lst0[0001] = (00A9): 3E0040FDroot=80000003  flags=8004 ref_0=80000001 dcBodyIdx=0061 dcCreatorIdx=0060
			lst0[0002] = (00AA): E065E15Aroot=80000003  flags=800004 ref_0=80000001 dcBodyIdx=0061 u32_0=0000 dcCreatorIdx=0060
			lst0[0003] = (00AB): 9147489Aroot=80000003  flags=80004 ref_0=80000001 dcBodyIdx=0061 aX=(00 01)
		delta_mapping[0020] = (0024): 09780457 delta_state=32 
		delta_mapping[0021] = (0025): 09780457 delta_state=33 
			lst0[0000] = (00AC): 0E70AF5Croot=80000003  flags=2004 ref_0=80000001 dcBodyIdx=0066
			lst0[0001] = (00AD): 3E0040FDroot=80000003  flags=8004 ref_0=80000001 dcBodyIdx=0066 dcCreatorIdx=0065
			lst0[0002] = (00AE): E065E15Aroot=80000003  flags=800004 ref_0=80000001 dcBodyIdx=0066 u32_0=0000 dcCreatorIdx=0065
			lst0[0003] = (00AF): 9147489Aroot=80000003  flags=80004 ref_0=80000001 dcBodyIdx=0066 aX=(00 01)
		delta_mapping[0022] = (0026): 09780457 delta_state=34 
		delta_mapping[0023] = (0027): 09780457 delta_state=35 
			lst0[0000] = (00B0): 0E70AF5Croot=80000003  flags=2004 ref_0=80000001 dcBodyIdx=006B
			lst0[0001] = (00B1): 3E0040FDroot=80000003  flags=8004 ref_0=80000001 dcBodyIdx=006B dcCreatorIdx=006A
			lst0[0002] = (00B2): E065E15Aroot=80000003  flags=800004 ref_0=80000001 dcBodyIdx=006B u32_0=0000 dcCreatorIdx=006A
			lst0[0003] = (00B3): 9147489Aroot=80000003  flags=80004 ref_0=80000001 dcBodyIdx=006B aX=(00 01)
		delta_mapping[0024] = (0028): 09780457 delta_state=36 
		delta_mapping[0025] = (0029): 09780457 delta_state=37 
			lst0[0000] = (00B4): 0E70AF5Croot=80000003  flags=2004 ref_0=80000001 dcBodyIdx=0070
			lst0[0001] = (00B5): 3E0040FDroot=80000003  flags=8004 ref_0=80000001 dcBodyIdx=0070 dcCreatorIdx=006F
			lst0[0002] = (00B6): E065E15Aroot=80000003  flags=800004 ref_0=80000001 dcBodyIdx=0070 u32_0=0000 dcCreatorIdx=006F
			lst0[0003] = (00B7): 9147489Aroot=80000003  flags=80004 ref_0=80000001 dcBodyIdx=0070 aX=(00 01)
		delta_mapping[0026] = (002A): 09780457 delta_state=38 
		delta_mapping[0027] = (002B): 09780457 delta_state=39 
			lst0[0000] = (00B8): 0E70AF5Croot=80000003  flags=2004 ref_0=80000001 dcBodyIdx=0075
			lst0[0001] = (00B9): 3E0040FDroot=80000003  flags=8004 ref_0=80000001 dcBodyIdx=0075 dcCreatorIdx=0074
			lst0[0002] = (00BA): E065E15Aroot=80000003  flags=800004 ref_0=80000001 dcBodyIdx=0075 u32_0=0000 dcCreatorIdx=0074
			lst0[0003] = (00BB): 9147489Aroot=80000003  flags=80004 ref_0=80000001 dcBodyIdx=0075 aX=(00 01)
		delta_mapping[0028] = (002C): 09780457 delta_state=40 
		delta_mapping[0029] = (002D): 09780457 delta_state=41 
			lst0[0000] = (00BC): 0E70AF5Croot=80000003  flags=2004 ref_0=80000001 dcBodyIdx=007A
			lst0[0001] = (00BD): 3E0040FDroot=80000003  flags=8004 ref_0=80000001 dcBodyIdx=007A dcCreatorIdx=0079
			lst0[0002] = (00BE): E065E15Aroot=80000003  flags=800004 ref_0=80000001 dcBodyIdx=007A u32_0=0000 dcCreatorIdx=0079
			lst0[0003] = (00BF): 9147489Aroot=80000003  flags=80004 ref_0=80000001 dcBodyIdx=007A aX=(00 01)
		delta_mapping[002A] = (002E): 09780457 delta_state=42 
		delta_mapping[002B] = (002F): 09780457 delta_state=43 
			lst0[0000] = (00C0): 0E70AF5Croot=80000003  flags=2004 ref_0=80000001 dcBodyIdx=0081
			lst0[0001] = (00C1): 3E0040FDroot=80000003  flags=8004 ref_0=80000001 dcBodyIdx=0081 dcCreatorIdx=0080
			lst0[0002] = (00C2): E065E15Aroot=80000003  flags=800004 ref_0=80000001 dcBodyIdx=0081 u32_0=0000 dcCreatorIdx=0080
			lst0[0003] = (00C3): 9147489Aroot=80000003  flags=80004 ref_0=80000001 dcBodyIdx=0081 aX=(00 01)
		delta_mapping[002C] = (0030): 09780457 delta_state=44 
		delta_mapping[002D] = (0031): 09780457 delta_state=45 
			lst0[0000] = (00C4): 0E70AF5Croot=80000003  flags=2004 ref_0=80000001 dcBodyIdx=0086
			lst0[0001] = (00C5): 3E0040FDroot=80000003  flags=8004 ref_0=80000001 dcBodyIdx=0086 dcCreatorIdx=0085
			lst0[0002] = (00C6): E065E15Aroot=80000003  flags=800004 ref_0=80000001 dcBodyIdx=0086 u32_0=0000 dcCreatorIdx=0085
			lst0[0003] = (00C7): 9147489Aroot=80000003  flags=80004 ref_0=80000001 dcBodyIdx=0086 aX=(00 01)
		delta_mapping[002E] = (0032): 09780457 delta_state=46 
		delta_mapping[002F] = (0033): 09780457 delta_state=47 
			lst0[0000] = (00C8): 0E70AF5Croot=80000003  flags=2004 ref_0=80000001 dcBodyIdx=008B
			lst0[0001] = (00C9): 3E0040FDroot=80000003  flags=8004 ref_0=80000001 dcBodyIdx=008B dcCreatorIdx=008A
			lst0[0002] = (00CA): E065E15Aroot=80000003  flags=800004 ref_0=80000001 dcBodyIdx=008B u32_0=0000 dcCreatorIdx=008A
			lst0[0003] = (00CB): 9147489Aroot=80000003  flags=80004 ref_0=80000001 dcBodyIdx=008B aX=(00 01)
		delta_mapping[0030] = (0034): 09780457 delta_state=48 
		delta_mapping[0031] = (0035): 09780457 delta_state=49 
			lst0[0000] = (00CC): 0E70AF5Croot=80000003  flags=2004 ref_0=80000001 dcBodyIdx=0090
			lst0[0001] = (00CD): 3E0040FDroot=80000003  flags=8004 ref_0=80000001 dcBodyIdx=0090 dcCreatorIdx=008F
			lst0[0002] = (00CE): E065E15Aroot=80000003  flags=800004 ref_0=80000001 dcBodyIdx=0090 u32_0=0000 dcCreatorIdx=008F
			lst0[0003] = (00CF): 9147489Aroot=80000003  flags=80004 ref_0=80000001 dcBodyIdx=0090 aX=(00 01)
		delta_mapping[0032] = (0036): 09780457 delta_state=50 
		delta_mapping[0033] = (0037): 09780457 delta_state=51 
			lst0[0000] = (00D0): 0E70AF5Croot=80000003  flags=2004 ref_0=80000001 dcBodyIdx=0095
			lst0[0001] = (00D1): 3E0040FDroot=80000003  flags=8004 ref_0=80000001 dcBodyIdx=0095 dcCreatorIdx=0094
			lst0[0002] = (00D2): E065E15Aroot=80000003  flags=800004 ref_0=80000001 dcBodyIdx=0095 u32_0=0000 dcCreatorIdx=0094
			lst0[0003] = (00D3): 9147489Aroot=80000003  flags=80004 ref_0=80000001 dcBodyIdx=0095 aX=(00 01)
		delta_mapping[0034] = (0038): 09780457 delta_state=52 
		delta_mapping[0035] = (0039): 09780457 delta_state=53 
			lst0[0000] = (00D4): 0E70AF5Croot=80000003  flags=2004 ref_0=80000001 dcBodyIdx=009A
			lst0[0001] = (00D5): 3E0040FDroot=80000003  flags=8004 ref_0=80000001 dcBodyIdx=009A dcCreatorIdx=0099
			lst0[0002] = (00D6): E065E15Aroot=80000003  flags=800004 ref_0=80000001 dcBodyIdx=009A u32_0=0000 dcCreatorIdx=0099
			lst0[0003] = (00D7): 9147489Aroot=80000003  flags=80004 ref_0=80000001 dcBodyIdx=009A aX=(00 01)
		delta_mapping[0036] = (003A): 09780457 delta_state=54 
		delta_mapping[0037] = (003B): 09780457 delta_state=55 
			lst0[0000] = (00D8): 0E70AF5Croot=80000003  flags=2004 ref_0=80000001 dcBodyIdx=009F
			lst0[0001] = (00D9): 3E0040FDroot=80000003  flags=8004 ref_0=80000001 dcBodyIdx=009F dcCreatorIdx=009E
			lst0[0002] = (00DA): E065E15Aroot=80000003  flags=800004 ref_0=80000001 dcBodyIdx=009F u32_0=0000 dcCreatorIdx=009E
			lst0[0003] = (00DB): 9147489Aroot=80000003  flags=80004 ref_0=80000001 dcBodyIdx=009F aX=(00 01)
		delta_mapping[0038] = (003C): 09780457 delta_state=56 
		delta_mapping[0039] = (003D): 09780457 delta_state=57 
			lst0[0000] = (00DC): 0E70AF5Croot=80000003  flags=2004 ref_0=80000001 dcBodyIdx=00A4
			lst0[0001] = (00DD): 3E0040FDroot=80000003  flags=8004 ref_0=80000001 dcBodyIdx=00A4 dcCreatorIdx=00A3
			lst0[0002] = (00DE): E065E15Aroot=80000003  flags=800004 ref_0=80000001 dcBodyIdx=00A4 u32_0=0000 dcCreatorIdx=00A3
			lst0[0003] = (00DF): 9147489Aroot=80000003  flags=80004 ref_0=80000001 dcBodyIdx=00A4 aX=(00 01)
		delta_mapping[003A] = (003E): 09780457 delta_state=58 
		delta_mapping[003B] = (003F): 09780457 delta_state=59 
			lst0[0000] = (00E0): 0E70AF5Croot=80000003  flags=2004 ref_0=80000001 dcBodyIdx=00A9
			lst0[0001] = (00E1): 3E0040FDroot=80000003  flags=8004 ref_0=80000001 dcBodyIdx=00A9 dcCreatorIdx=00A8
			lst0[0002] = (00E2): E065E15Aroot=80000003  flags=800004 ref_0=80000001 dcBodyIdx=00A9 u32_0=0000 dcCreatorIdx=00A8
			lst0[0003] = (00E3): 9147489Aroot=80000003  flags=80004 ref_0=80000001 dcBodyIdx=00A9 aX=(00 01)
		delta_mapping[003C] = (0040): 09780457 delta_state=60 
		delta_mapping[003D] = (0041): 09780457 delta_state=61 
			lst0[0000] = (00E4): 0E70AF5Croot=80000003  flags=2004 ref_0=80000001 dcBodyIdx=00B1
			lst0[0001] = (00E5): 3E0040FDroot=80000003  flags=8004 ref_0=80000001 dcBodyIdx=00B1 dcCreatorIdx=00B0
			lst0[0002] = (00E6): E065E15Aroot=80000003  flags=800004 ref_0=80000001 dcBodyIdx=00B1 u32_0=0000 dcCreatorIdx=00B0
			lst0[0003] = (00E7): 9147489Aroot=80000003  flags=80004 ref_0=80000001 dcBodyIdx=00B1 aX=(00 01)
		delta_mapping[003E] = (0042): 09780457 delta_state=62 
		delta_mapping[003F] = (0043): 09780457 delta_state=63 
			lst0[0000] = (00E8): 0E70AF5Croot=80000003  flags=2004 ref_0=80000001 dcBodyIdx=00BB
			lst0[0001] = (00E9): 3E0040FDroot=80000003  flags=8004 ref_0=80000001 dcBodyIdx=00BB dcCreatorIdx=00BA
			lst0[0002] = (00EA): E065E15Aroot=80000003  flags=800004 ref_0=80000001 dcBodyIdx=00BB u32_0=0000 dcCreatorIdx=00BA
			lst0[0003] = (00EB): 9147489Aroot=80000003  flags=80004 ref_0=80000001 dcBodyIdx=00BB aX=(00 01)
		delta_mapping[0040] = (0044): 09780457 delta_state=64 
		delta_mapping[0041] = (0045): 09780457 delta_state=65 
			lst0[0000] = (00EC): 0E70AF5Croot=80000003  flags=2004 ref_0=80000001 dcBodyIdx=00C1
			lst0[0001] = (00ED): 3E0040FDroot=80000003  flags=8004 ref_0=80000001 dcBodyIdx=00C1 dcCreatorIdx=00C0
			lst0[0002] = (00EE): E065E15Aroot=80000003  flags=800004 ref_0=80000001 dcBodyIdx=00C1 u32_0=0000 dcCreatorIdx=00C0
			lst0[0003] = (00EF): 9147489Aroot=80000003  flags=80004 ref_0=80000001 dcBodyIdx=00C1 aX=(00 01)
		delta_mapping[0042] = (0046): 09780457 delta_state=66 
		delta_mapping[0043] = (0047): 09780457 delta_state=67 
			lst0[0000] = (00F0): 0E70AF5Croot=80000003  flags=2004 ref_0=80000001 dcBodyIdx=00C6
			lst0[0001] = (00F1): 3E0040FDroot=80000003  flags=8004 ref_0=80000001 dcBodyIdx=00C6 dcCreatorIdx=00C5
			lst0[0002] = (00F2): E065E15Aroot=80000003  flags=800004 ref_0=80000001 dcBodyIdx=00C6 u32_0=0000 dcCreatorIdx=00C5
			lst0[0003] = (00F3): 9147489Aroot=80000003  flags=80004 ref_0=80000001 dcBodyIdx=00C6 aX=(00 01)
		delta_mapping[0044] = (0048): 09780457 delta_state=68 
		delta_mapping[0045] = (0049): 09780457 delta_state=69 
			lst0[0000] = (00F4): 0E70AF5Croot=80000003  flags=2004 ref_0=80000001 dcBodyIdx=00CB
			lst0[0001] = (00F5): 3E0040FDroot=80000003  flags=8004 ref_0=80000001 dcBodyIdx=00CB dcCreatorIdx=00CA
			lst0[0002] = (00F6): E065E15Aroot=80000003  flags=800004 ref_0=80000001 dcBodyIdx=00CB u32_0=0000 dcCreatorIdx=00CA
			lst0[0003] = (00F7): 9147489Aroot=80000003  flags=80004 ref_0=80000001 dcBodyIdx=00CB aX=(00 01)
		delta_mapping[0046] = (004A): 09780457 delta_state=70 
		delta_mapping[0047] = (004B): 09780457 delta_state=71 
			lst0[0000] = (00F8): 0E70AF5Croot=80000003  flags=2004 ref_0=80000001 dcBodyIdx=00D0
			lst0[0001] = (00F9): 3E0040FDroot=80000003  flags=8004 ref_0=80000001 dcBodyIdx=00D0 dcCreatorIdx=00CF
			lst0[0002] = (00FA): E065E15Aroot=80000003  flags=800004 ref_0=80000001 dcBodyIdx=00D0 u32_0=0000 dcCreatorIdx=00CF
			lst0[0003] = (00FB): 9147489Aroot=80000003  flags=80004 ref_0=80000001 dcBodyIdx=00D0 aX=(00 01)
		delta_mapping[0048] = (004C): 09780457 delta_state=72 
		delta_mapping[0049] = (004D): 09780457 delta_state=73 
			lst0[0000] = (00FC): 0E70AF5Croot=80000003  flags=2004 ref_0=80000001 dcBodyIdx=00D4
			lst0[0001] = (00FD): 3E0040FDroot=80000003  flags=8004 ref_0=80000001 dcBodyIdx=00D4 dcCreatorIdx=00D3
			lst0[0002] = (00FE): E065E15Aroot=80000003  flags=800004 ref_0=80000001 dcBodyIdx=00D4 u32_0=0000 dcCreatorIdx=00D3
			lst0[0003] = (00FF): 9147489Aroot=80000003  flags=80004 ref_0=80000001 dcBodyIdx=00D4 aX=(00 01)
		delta_mapping[004A] = (004E): 09780457 delta_state=74 
		delta_mapping[004B] = (004F): 09780457 delta_state=75 
			lst0[0000] = (0100): 0E70AF5Croot=80000003  flags=2004 ref_0=80000001 dcBodyIdx=00D8
			lst0[0001] = (0101): 3E0040FDroot=80000003  flags=8004 ref_0=80000001 dcBodyIdx=00D8 dcCreatorIdx=00D7
			lst0[0002] = (0102): E065E15Aroot=80000003  flags=800004 ref_0=80000001 dcBodyIdx=00D8 u32_0=0000 dcCreatorIdx=00D7
			lst0[0003] = (0103): 9147489Aroot=80000003  flags=80004 ref_0=80000001 dcBodyIdx=00D8 aX=(00 01)
		delta_mapping[004C] = (0050): 09780457 delta_state=76 
		delta_mapping[004D] = (0051): 09780457 delta_state=77 
			lst0[0000] = (0104): 0E70AF5Croot=80000003  flags=2004 ref_0=80000001 dcBodyIdx=00DC
			lst0[0001] = (0105): 3E0040FDroot=80000003  flags=8004 ref_0=80000001 dcBodyIdx=00DC dcCreatorIdx=00DB
			lst0[0002] = (0106): E065E15Aroot=80000003  flags=800004 ref_0=80000001 dcBodyIdx=00DC u32_0=0000 dcCreatorIdx=00DB
			lst0[0003] = (0107): 9147489Aroot=80000003  flags=80004 ref_0=80000001 dcBodyIdx=00DC aX=(00 01)
		delta_mapping[004E] = (0052): 09780457 delta_state=78 
		delta_mapping[004F] = (0053): 09780457 delta_state=79 
			lst0[0000] = (0108): 0E70AF5Croot=80000003  flags=2004 ref_0=80000001 dcBodyIdx=00E1
			lst0[0001] = (0109): 3E0040FDroot=80000003  flags=8004 ref_0=80000001 dcBodyIdx=00E1 dcCreatorIdx=00E0
			lst0[0002] = (010A): E065E15Aroot=80000003  flags=800004 ref_0=80000001 dcBodyIdx=00E1 u32_0=0000 dcCreatorIdx=00E0
			lst0[0003] = (010B): 9147489Aroot=80000003  flags=80004 ref_0=80000001 dcBodyIdx=00E1 aX=(00 01)
		delta_mapping[0050] = (0054): 09780457 delta_state=80 
		delta_mapping[0051] = (0055): 09780457 delta_state=81 
			lst0[0000] = (010C): 0E70AF5Croot=80000003  flags=2004 ref_0=80000001 dcBodyIdx=00E6
			lst0[0001] = (010D): 3E0040FDroot=80000003  flags=8004 ref_0=80000001 dcBodyIdx=00E6 dcCreatorIdx=00E5
			lst0[0002] = (010E): E065E15Aroot=80000003  flags=800004 ref_0=80000001 dcBodyIdx=00E6 u32_0=0000 dcCreatorIdx=00E5
			lst0[0003] = (010F): 9147489Aroot=80000003  flags=80004 ref_0=80000001 dcBodyIdx=00E6 aX=(00 01)
		delta_mapping[0052] = (0056): 09780457 delta_state=82 
		delta_mapping[0053] = (0057): 09780457 delta_state=83 
			lst0[0000] = (0110): 0E70AF5Croot=80000003  flags=2004 ref_0=80000001 dcBodyIdx=00EB
			lst0[0001] = (0111): 3E0040FDroot=80000003  flags=8004 ref_0=80000001 dcBodyIdx=00EB dcCreatorIdx=00EA
			lst0[0002] = (0112): E065E15Aroot=80000003  flags=800004 ref_0=80000001 dcBodyIdx=00EB u32_0=0000 dcCreatorIdx=00EA
			lst0[0003] = (0113): 9147489Aroot=80000003  flags=80004 ref_0=80000001 dcBodyIdx=00EB aX=(00 01)
		delta_mapping[0054] = (0058): 09780457 delta_state=84 
		delta_mapping[0055] = (0059): 09780457 delta_state=85 
			lst0[0000] = (0114): 0E70AF5Croot=80000003  flags=2004 ref_0=80000001 dcBodyIdx=00F0
			lst0[0001] = (0115): 3E0040FDroot=80000003  flags=8004 ref_0=80000001 dcBodyIdx=00F0 dcCreatorIdx=00EF
			lst0[0002] = (0116): E065E15Aroot=80000003  flags=800004 ref_0=80000001 dcBodyIdx=00F0 u32_0=0000 dcCreatorIdx=00EF
			lst0[0003] = (0117): 9147489Aroot=80000003  flags=80004 ref_0=80000001 dcBodyIdx=00F0 aX=(00 01)
		delta_mapping[0056] = (005A): 09780457 delta_state=86 
		delta_mapping[0057] = (005B): 09780457 delta_state=87 
			lst0[0000] = (0118): 0E70AF5Croot=80000003  flags=2004 ref_0=80000001 dcBodyIdx=00F5
			lst0[0001] = (0119): 3E0040FDroot=80000003  flags=8004 ref_0=80000001 dcBodyIdx=00F5 dcCreatorIdx=00F4
			lst0[0002] = (011A): E065E15Aroot=80000003  flags=800004 ref_0=80000001 dcBodyIdx=00F5 u32_0=0000 dcCreatorIdx=00F4
			lst0[0003] = (011B): 9147489Aroot=80000003  flags=80004 ref_0=80000001 dcBodyIdx=00F5 aX=(00 01)
		delta_mapping[0058] = (005C): 09780457 delta_state=88 
		delta_mapping[0059] = (005D): 09780457 delta_state=89 
			lst0[0000] = (011C): 0E70AF5Croot=80000003  flags=2004 ref_0=80000001 dcBodyIdx=00FA
			lst0[0001] = (011D): 3E0040FDroot=80000003  flags=8004 ref_0=80000001 dcBodyIdx=00FA dcCreatorIdx=00F8
			lst0[0002] = (011E): E065E15Aroot=80000003  flags=800004 ref_0=80000001 dcBodyIdx=00FA u32_0=0000 dcCreatorIdx=00F8
			lst0[0003] = (011F): 6B9A3C47root=80000003  flags=4004 ref_0=80000001 dcBodyIdx=00FA aX=(00 01)
			lst0[0004] = (0120): A4645884root=80000003  flags=4004 ref_0=80000001 aX=(FA 00 00 00 00 01)
		delta_mapping[005A] = (005E): 09780457 delta_state=90 
		delta_mapping[005B] = (005F): 09780457 delta_state=91 
			lst0[0000] = (0121): 0E70AF5Croot=80000003  flags=2004 ref_0=80000001 dcBodyIdx=00FF
			lst0[0001] = (0122): 3E0040FDroot=80000003  flags=8004 ref_0=80000001 dcBodyIdx=00FF dcCreatorIdx=00FE
			lst0[0002] = (0123): E065E15Aroot=80000003  flags=800004 ref_0=80000001 dcBodyIdx=00FF u32_0=0000 dcCreatorIdx=00FE
			lst0[0003] = (0124): 9147489Aroot=80000003  flags=80004 ref_0=80000001 dcBodyIdx=00FF aX=(00 01)
		delta_mapping[005C] = (0060): 09780457 delta_state=92 
		delta_mapping[005D] = (0061): 09780457 delta_state=93 
			lst0[0000] = (0125): 0E70AF5Croot=80000003  flags=2004 ref_0=80000001 dcBodyIdx=0104
			lst0[0001] = (0126): 3E0040FDroot=80000003  flags=8004 ref_0=80000001 dcBodyIdx=0104 dcCreatorIdx=0103
			lst0[0002] = (0127): E065E15Aroot=80000003  flags=800004 ref_0=80000001 dcBodyIdx=0104 u32_0=0000 dcCreatorIdx=0103
			lst0[0003] = (0128): 9147489Aroot=80000003  flags=80004 ref_0=80000001 dcBodyIdx=0104 aX=(00 01)
		delta_mapping[005E] = (0062): 09780457 delta_state=94 
		delta_mapping[005F] = (0063): 09780457 delta_state=95 
			lst0[0000] = (0129): 0E70AF5Croot=80000003  flags=2004 ref_0=80000001 dcBodyIdx=0109
			lst0[0001] = (012A): 3E0040FDroot=80000003  flags=8004 ref_0=80000001 dcBodyIdx=0109 dcCreatorIdx=0108
			lst0[0002] = (012B): E065E15Aroot=80000003  flags=800004 ref_0=80000001 dcBodyIdx=0109 u32_0=0000 dcCreatorIdx=0108
			lst0[0003] = (012C): 9147489Aroot=80000003  flags=80004 ref_0=80000001 dcBodyIdx=0109 aX=(00 01)
		delta_mapping[0060] = (0064): 09780457 delta_state=96 
		delta_mapping[0061] = (0065): 09780457 delta_state=97 
			lst0[0000] = (012D): 0E70AF5Croot=80000003  flags=2004 ref_0=80000001 dcBodyIdx=010E
			lst0[0001] = (012E): 3E0040FDroot=80000003  flags=8004 ref_0=80000001 dcBodyIdx=010E dcCreatorIdx=010D
			lst0[0002] = (012F): E065E15Aroot=80000003  flags=800004 ref_0=80000001 dcBodyIdx=010E u32_0=0000 dcCreatorIdx=010D
			lst0[0003] = (0130): 9147489Aroot=80000003  flags=80004 ref_0=80000001 dcBodyIdx=010E aX=(00 01)
		delta_mapping[0062] = (0066): 09780457 delta_state=98 
		delta_mapping[0063] = (0067): 09780457 delta_state=99 
			lst0[0000] = (0131): 0E70AF5Croot=80000003  flags=2004 ref_0=80000001 dcBodyIdx=0112
			lst0[0001] = (0132): 3E0040FDroot=80000003  flags=8004 ref_0=80000001 dcBodyIdx=0112 dcCreatorIdx=0111
			lst0[0002] = (0133): E065E15Aroot=80000003  flags=800004 ref_0=80000001 dcBodyIdx=0112 u32_0=0000 dcCreatorIdx=0111
			lst0[0003] = (0134): 9147489Aroot=80000003  flags=80004 ref_0=80000001 dcBodyIdx=0112 aX=(00 01)
		ref_1 = (0068): 09780457 delta_state=-1 
