Schema: 31
UID:    {DE32DDFC-AD08-45A9-886A-5AAC8B20580C}
Vrs1:   Version 29.0.30 [40,00,00,10,8B]
Date1:  2025-04-30 08:22:31.366350
Vrs2:   Version 29.0.0 [40,00,00,44,2F]
Date2:  2025-04-30 08:22:31.366350

segInfo:
	UID:   {None}
	Date:  None
	Text:  ''
	U16:   000
	Text2: ''
	arr1:  [045,000]
	arr2:  []
	arr3:  []
	arr4:  []
	UID1:
		[00]: 'RDxPart'
		[01]: 'RDxPlane'
		[02]: 'RDxLine3'
		[03]: 'RDxPoint3'
		[04]: 'RDxBody'
		[05]: 'CA02411F-41A0-F2E9-FFD8-78825538B1FE'
		[06]: 'RDxDerivedAssembly'
		[07]: 'RDxDerivedOccDataCollector'
		[08]: 'RDxDerivedOccFeature'
		[09]: 'RDxFeature'
		[0A]: 'FWxRenderingStyle'
		[0B]: 'NMxFaceMergeData'
		[0C]: 'MIxTransactablePartition'
		[0D]: 'RSeAcisEntityWrapper'
		[0E]: 'RDxStopNode'
		[0F]: 'RDxBrowserFolder'
		[10]: '_BodiesFolder'
		[11]: 'NBxNotebook'
		[12]: 'MIxBrepComponent'
		[13]: 'RSeAcisEntityContainer'
		[14]: 'PMxEntryManager'
		[15]: '_ViewDirectionCollection'
	UID2:
		[00]: 'UCxComponentNode'
		[01]: 'UCxWorkplaneNode'
		[02]: 'UCxWorkaxisNode'
		[03]: 'UCxWorkpointNode'
		[04]: 'PMxBodyNode'
		[05]: 'PMxCompositeFeatureOutline'
		[06]: 'PMxSingleFeatureOutline'
		[07]: 'PMxPartDrawAttr'
		[08]: 'PMxColorStylePrimAttr'
		[09]: 'RDxComponent'
		[0A]: 'RDxModelerTxnMgr'
		[0B]: 'RDxBody'
		[0C]: 'CA02411F-41A0-F2E9-FFD8-78825538B1FE'
		[0D]: 'PMxEntryManager'
		[0E]: 'BRxEntry'
		[0F]: 'PMxPartRepresentation'
	Segments:
		FWxDesignViewManagerType:DesignViewSegment, count=(0/1), ID={CDCCFE60-A290-4893-9836-5EA1B868E73E}, value1=0000, arr1=[0000,0001,0001,0001,0001], arr2=[0071,0000], value2=0001, Version 29.0.0 [40,00,00,44,2F]
		NotebookSegmentType:NBNotebookSegment, count=(0/1), ID={89FE1B50-17CD-4742-9781-2C40D62C5662}, value1=0000, arr1=[0000,0001,0001,0001,0001], arr2=[0003,0000], value2=0001, Version 29.0.0 [40,00,00,44,2F]
		PmAppSegmentType:PmAppSegment, count=(4/6), ID={8A954E4E-AC4B-4EC3-844E-77C5AC1497CD}, value1=0000, arr1=[0000,0008,0001,0088,0087], arr2=[0018,0000], value2=0000, Version 29.0.0 [40,00,00,44,2F]
		PmBrepSegmentType:PmBRepSegment, count=(0/1), ID={8524556F-299D-487C-9CAE-D915262BAF0C}, value1=0000, arr1=[0000,0048,0002,0124,0038], arr2=[006E,0000], value2=0001, Version 29.0.0 [40,00,00,44,2F]
		PmBRxSegmentType:PmBrowserSegment, count=(2/173), ID={956C2075-583D-4329-A69E-81CF52A8AEF9}, value1=0000, arr1=[0000,0014,0001,00B5,00B5], arr2=[0072,0000], value2=0000, Version 29.0.0 [40,00,00,44,2F]
		PmDcSegmentType:PmDCSegment, count=(2/53), ID={26C1FADF-831A-440E-9B70-00706A346257}, value1=0000, arr1=[0000,0030,0005,03AB,03AB], arr2=[015C,0000], value2=0000, Version 29.0.0 [40,00,00,44,2F]
		PmGRxSegmentType:PmGraphicsSegment, count=(2/188), ID={6A4CD1C7-AE14-4C0E-875B-0C2791A966E6}, value1=0000, arr1=[0000,0D54,0051,A43C,7563], arr2=[0073,0000], value2=0000, Version 29.0.0 [40,00,00,44,2F]
		PmResultSegmentType:PmResultSegment, count=(0/1), ID={81E3930E-9FE5-484E-826C-9AA685239AAE}, value1=0000, arr1=[0000,0009,0001,0134,0003], arr2=[0000,0000], value2=0001, Version 29.0.0 [40,00,00,44,2F]
