[2024]
(0001): 189B3560 'PmDefault'  grIdx=002D
	lst0[0000] = (0005): DF9CA7B0 'PmDefault'   lst0=[] u16=000 val=""
		ref_0 = (0004): F7676AB1flags=0006 u8_0=00 u8_4=00 a0=(000,000,000,000,004)  index=0001 a2a=0000 u8_1a=01 a2=() u8_1b=01  a3=(000,000,000) b_1=False u8_2=00 grIdx=000B u8_3=00 u32_0=0000
			*items[0000] = (0028): D9F96B81
			*items[0001] = (0029): 9E77CCC1
			*items[0002] = (0011): FolderBodies
			*items[0003] = (0010): FolderBodies
			*items[0004] = (002A): 18BAA333
			*items[0005] = (0008): FolderBrowser 'Origin'
			*items[0006] = (0012): FxUnknown 'Solid39'
			*items[0007] = (0014): FxUnknown 'Solid40'
			*items[0008] = (0016): FxUnknown 'Solid41'
			*items[0009] = (0018): FxUnknown 'Solid42'
			*items[000A] = (001A): FxUnknown 'Solid43'
			*items[000B] = (001C): FxUnknown 'Solid45'
			*items[000C] = (001E): FxUnknown 'Solid46'
			*items[000D] = (0020): FxUnknown 'microcontroller_holder_new'
			*items[000E] = (0021): FxUnknown 'Composite1'
			*items[000F] = (0006): EndOfPart
(0002): EntryManager  u32_0=0001
	*entries[0001] = (0004): F7676AB1
	entries[0002] = (0006): EndOfPartflags=0000 u16_0=001 a0=(000,000,005)  index=0002 a2a=0000 u8_1a=01 a2=() u8_1b=01  a3=(000,000,000) b_1=False u8_2=00 grIdx=000A u8_3=00 u32_0=0000
	entries[0003] = (0007): Body 'Solid1'flags=0400 u16_0=001 a0=(000,000,028)  index=0003 a2a=0000 u8_1a=00 a2=() u8_1b=01  a3=(000,000,000) b_1=False u8_2=00 grIdx=0024 u8_3=00 u32_0=0000 dcCreatorIdx=0002 a5=(0000,0001)
		*items[0000] = (0012): FxUnknown 'Solid39'
	entries[0004] = (0008): FolderBrowser 'Origin'flags=0200 u16_0=000 a0=(000,000,010)  index=0004 a2a=0000 u8_1a=01 a2=() u8_1b=01  a3=(000,000,000) b_1=False u8_2=00 grIdx=0009 u8_3=00 u32_0=0000
		*items[0000] = (0009): 3dObject 'YZ Plane'
		*items[0001] = (000A): 3dObject 'XZ Plane'
		*items[0002] = (000B): 3dObject 'XY Plane'
		*items[0003] = (000C): 3dObject 'X Axis'
		*items[0004] = (000D): 3dObject 'Y Axis'
		*items[0005] = (000E): 3dObject 'Z Axis'
		*items[0006] = (000F): 3dObject 'Center Point'
	entries[0005] = (0009): 3dObject 'YZ Plane'flags=0004 u16_0=000 a0=(000,000,009)  index=0005 a2a=0000 u8_1a=01 a2=() u8_1b=01  a3=(000,000,000) b_1=False u8_2=00 grIdx=0002 u8_3=00 u32_0=0000 u8_5=08
	entries[0006] = (000A): 3dObject 'XZ Plane'flags=0004 u16_0=000 a0=(000,000,00A)  index=0006 a2a=0000 u8_1a=01 a2=() u8_1b=01  a3=(000,000,000) b_1=False u8_2=00 grIdx=0003 u8_3=00 u32_0=0000 u8_5=07
	entries[0007] = (000B): 3dObject 'XY Plane'flags=0004 u16_0=000 a0=(000,000,00B)  index=0007 a2a=0000 u8_1a=01 a2=() u8_1b=01  a3=(000,000,000) b_1=False u8_2=00 grIdx=0004 u8_3=00 u32_0=0000 u8_5=06
	entries[0008] = (000C): 3dObject 'X Axis'flags=0004 u16_0=000 a0=(000,000,00C)  index=0008 a2a=0000 u8_1a=01 a2=() u8_1b=01  a3=(000,000,000) b_1=False u8_2=00 grIdx=0005 u8_3=00 u32_0=0000 u8_5=09
	entries[0009] = (000D): 3dObject 'Y Axis'flags=0004 u16_0=000 a0=(000,000,00D)  index=0009 a2a=0000 u8_1a=01 a2=() u8_1b=01  a3=(000,000,000) b_1=False u8_2=00 grIdx=0006 u8_3=00 u32_0=0000 u8_5=0A
	entries[000A] = (000E): 3dObject 'Z Axis'flags=0004 u16_0=000 a0=(000,000,00E)  index=000A a2a=0000 u8_1a=01 a2=() u8_1b=01  a3=(000,000,000) b_1=False u8_2=00 grIdx=0007 u8_3=00 u32_0=0000 u8_5=0B
	entries[000B] = (000F): 3dObject 'Center Point'flags=0004 u16_0=000 a0=(000,000,00F)  index=000B a2a=0000 u8_1a=01 a2=() u8_1b=01  a3=(000,000,000) b_1=False u8_2=00 grIdx=0008 u8_3=00 u32_0=0000 u8_5=0C
	entries[000C] = (0010): FolderBodiesflags=0200 u16_0=001 a0=(000,000,012)  index=000C a2a=0000 u8_1a=00 a2=() u8_1b=01  a3=(000,000,000) b_1=False u8_2=00 grIdx=000E u8_3=00 u32_0=0000
		*items[0000] = (0022): Body 'Srf1'
	entries[000D] = (0011): FolderBodiesflags=0400 u16_0=002 a0=(000,000,013)  index=000D a2a=0000 u8_1a=00 a2=() u8_1b=01  a3=(000,000,000) b_1=False u8_2=00 grIdx=000F u8_3=00 u32_0=0000
		*items[0000] = (0007): Body 'Solid1'
		*items[0001] = (0013): Body 'Solid2'
		*items[0002] = (0015): Body 'Solid3'
		*items[0003] = (0017): Body 'Solid4'
		*items[0004] = (0019): Body 'Solid5'
		*items[0005] = (001B): Body 'Solid6'
		*items[0006] = (001D): Body 'Solid7'
		*items[0007] = (001F): Body 'Solid8'
	entries[000E] = (0012): FxUnknown 'Solid39'flags=0000 u16_0=003 a0=(000,000,020)  index=000E a2a=0000 u8_1a=01 a2=() u8_1b=01  a3=(000,000,000) b_1=False u8_2=00 grIdx=001C u8_3=00 u32_0=0000 uid_0={0CA9112D-11D0-838B-0008-19B00524DC09} u32_2=0000 txt_0="" s32_0=-1
	entries[000F] = (0013): Body 'Solid2'flags=0400 u16_0=002 a0=(000,000,029)  index=000F a2a=0000 u8_1a=00 a2=() u8_1b=01  a3=(000,000,000) b_1=False u8_2=00 grIdx=0025 u8_3=00 u32_0=0000 dcCreatorIdx=0011 a5=(0000,0001)
		*items[0000] = (0014): FxUnknown 'Solid40'
	entries[0010] = (0014): FxUnknown 'Solid40'flags=0000 u16_0=003 a0=(000,000,021)  index=0010 a2a=0000 u8_1a=01 a2=() u8_1b=01  a3=(000,000,000) b_1=False u8_2=00 grIdx=001D u8_3=00 u32_0=0000 uid_0={0CA9112D-11D0-838B-0008-19B00524DC09} u32_2=0000 txt_0="" s32_0=-1
	entries[0011] = (0015): Body 'Solid3'flags=0400 u16_0=003 a0=(000,000,02A)  index=0011 a2a=0000 u8_1a=00 a2=() u8_1b=01  a3=(000,000,000) b_1=False u8_2=00 grIdx=0026 u8_3=00 u32_0=0000 dcCreatorIdx=0015 a5=(0000,0001)
		*items[0000] = (0016): FxUnknown 'Solid41'
	entries[0012] = (0016): FxUnknown 'Solid41'flags=0000 u16_0=004 a0=(000,000,022)  index=0012 a2a=0000 u8_1a=01 a2=() u8_1b=01  a3=(000,000,000) b_1=False u8_2=00 grIdx=001E u8_3=00 u32_0=0000 uid_0={0CA9112D-11D0-838B-0008-19B00524DC09} u32_2=0000 txt_0="" s32_0=-1
	entries[0013] = (0017): Body 'Solid4'flags=0400 u16_0=004 a0=(000,000,02B)  index=0013 a2a=0000 u8_1a=00 a2=() u8_1b=01  a3=(000,000,000) b_1=False u8_2=00 grIdx=0027 u8_3=00 u32_0=0000 dcCreatorIdx=0019 a5=(0000,0001)
		*items[0000] = (0018): FxUnknown 'Solid42'
	entries[0014] = (0018): FxUnknown 'Solid42'flags=0000 u16_0=005 a0=(000,000,023)  index=0014 a2a=0000 u8_1a=01 a2=() u8_1b=01  a3=(000,000,000) b_1=False u8_2=00 grIdx=001F u8_3=00 u32_0=0000 uid_0={0CA9112D-11D0-838B-0008-19B00524DC09} u32_2=0000 txt_0="" s32_0=-1
	entries[0015] = (0019): Body 'Solid5'flags=0400 u16_0=005 a0=(000,000,02C)  index=0015 a2a=0000 u8_1a=00 a2=() u8_1b=01  a3=(000,000,000) b_1=False u8_2=00 grIdx=0028 u8_3=00 u32_0=0000 dcCreatorIdx=001D a5=(0000,0001)
		*items[0000] = (001A): FxUnknown 'Solid43'
	entries[0016] = (001A): FxUnknown 'Solid43'flags=0000 u16_0=006 a0=(000,000,024)  index=0016 a2a=0000 u8_1a=01 a2=() u8_1b=01  a3=(000,000,000) b_1=False u8_2=00 grIdx=0020 u8_3=00 u32_0=0000 uid_0={0CA9112D-11D0-838B-0008-19B00524DC09} u32_2=0000 txt_0="" s32_0=-1
	entries[0017] = (001B): Body 'Solid6'flags=0400 u16_0=006 a0=(000,000,02D)  index=0017 a2a=0000 u8_1a=00 a2=() u8_1b=01  a3=(000,000,000) b_1=False u8_2=00 grIdx=0029 u8_3=00 u32_0=0000 dcCreatorIdx=0021 a5=(0000,0001)
		*items[0000] = (001C): FxUnknown 'Solid45'
	entries[0018] = (001C): FxUnknown 'Solid45'flags=0000 u16_0=007 a0=(000,000,025)  index=0018 a2a=0000 u8_1a=01 a2=() u8_1b=01  a3=(000,000,000) b_1=False u8_2=00 grIdx=0021 u8_3=00 u32_0=0000 uid_0={0CA9112D-11D0-838B-0008-19B00524DC09} u32_2=0000 txt_0="" s32_0=-1
	entries[0019] = (001D): Body 'Solid7'flags=0400 u16_0=007 a0=(000,000,02E)  index=0019 a2a=0000 u8_1a=00 a2=() u8_1b=01  a3=(000,000,000) b_1=False u8_2=00 grIdx=002A u8_3=00 u32_0=0000 dcCreatorIdx=0025 a5=(0000,0001)
		*items[0000] = (001E): FxUnknown 'Solid46'
	entries[001A] = (001E): FxUnknown 'Solid46'flags=0000 u16_0=008 a0=(000,000,026)  index=001A a2a=0000 u8_1a=01 a2=() u8_1b=01  a3=(000,000,000) b_1=False u8_2=00 grIdx=0022 u8_3=00 u32_0=0000 uid_0={0CA9112D-11D0-838B-0008-19B00524DC09} u32_2=0000 txt_0="" s32_0=-1
	entries[001B] = (001F): Body 'Solid8'flags=0400 u16_0=008 a0=(000,000,02F)  index=001B a2a=0000 u8_1a=00 a2=() u8_1b=01  a3=(000,000,000) b_1=False u8_2=00 grIdx=002B u8_3=00 u32_0=0000 dcCreatorIdx=0029 a5=(0000,0001)
		*items[0000] = (0020): FxUnknown 'microcontroller_holder_new'
	entries[001C] = (0020): FxUnknown 'microcontroller_holder_new'flags=0000 u16_0=009 a0=(000,000,027)  index=001C a2a=0000 u8_1a=01 a2=() u8_1b=01  a3=(000,000,000) b_1=False u8_2=00 grIdx=0023 u8_3=00 u32_0=0000 uid_0={0CA9112D-11D0-838B-0008-19B00524DC09} u32_2=0000 txt_0="" s32_0=-1
	entries[001D] = (0021): FxUnknown 'Composite1'flags=0008 u16_0=001 a0=(000,000,030)  index=001D a2a=0000 u8_1a=01 a2=() u8_1b=01  a3=(000,000,000) b_1=False u8_2=00 grIdx=002C u8_3=00 u32_0=0000 uid_0={C2C74308-4C24-EE2D-62B9-5AB01118D108} u32_2=0000 txt_0="" s32_0=-1
	entries[001E] = (0022): Body 'Srf1'flags=0200 u16_0=001 a0=(000,000,031)  index=001E a2a=0000 u8_1a=00 a2=() u8_1b=01  a3=(000,000,000) b_1=False u8_2=00 grIdx=002D u8_3=00 u32_0=0000 dcCreatorIdx=0030 a5=(0000,0001)
		*items[0000] = (0021): FxUnknown 'Composite1'
	entries[001F] = (0023): B4278FFFflags=0000 u16_0=002 a0=(000,000,016)  index=001F a2a=0000 u8_1a=01 a2=() u8_1b=01  a3=(000,000,000) b_1=False u8_2=00 grIdx=0012 u8_3=00 u32_0=0000 aX=(00 00 00 00 00 00 00 00)
	entries[0020] = (0024): B4278FFFflags=0000 u16_0=003 a0=(000,000,017)  index=0020 a2a=0000 u8_1a=01 a2=() u8_1b=01  a3=(000,000,000) b_1=False u8_2=00 grIdx=0013 u8_3=00 u32_0=0000 aX=(00 00 00 00 00 00 00 00)
	entries[0021] = (0025): B4278FFFflags=0000 u16_0=004 a0=(000,000,018)  index=0021 a2a=0000 u8_1a=01 a2=() u8_1b=01  a3=(000,000,000) b_1=False u8_2=00 grIdx=0014 u8_3=00 u32_0=0000 aX=(00 00 00 00 00 00 00 00)
	entries[0022] = (0026): B4278FFFflags=0000 u16_0=005 a0=(000,000,019)  index=0022 a2a=0000 u8_1a=01 a2=() u8_1b=01  a3=(000,000,000) b_1=False u8_2=00 grIdx=0015 u8_3=00 u32_0=0000 aX=(00 00 00 00 00 00 00 00)
(0003): 189B3560 'NbDefault'  grIdx=0000
	lst0[0000] = (0027): DF9CA7B0 'NbDefault'   lst0=[] u16=000 val=""
		ref_0 = (002B): NBxEntry 'Engineer's Notebook'  index=0023 a2a=0000 u8_1a=00 a2=() u8_1b=01  a3=(000,000,000) b_1=False u8_2=00 grIdx=000C u8_3=00 u32_0=0000 str0="NBxNotebook" a4=(000,000,000) u8_4=00
(0028): D9F96B81 lst0=() a1=(0001,0000,0001) b1=False a2=(0001,0000,0000) b2=False a3=(0016,0000) b3=False txt1="UCxModelStatesFolderEntry" txt2="UCxModelStatesFolderEntry" aX=(00 00 00 00 00)
(0029): 9E77CCC1  index=0001 a2a=0000 u8_1a=01 a2=() u8_1b=01  a3=(000,000,000) b_1=False u8_2=00 grIdx=0001 u8_3=00 u32_0=0000 txt_1="PartInterfaceFolderEntry" b0=00
(002A): 18BAA333flags=0000 u16_0=006 a0=(000,000,014)  index=0001 a2a=0000 u8_1a=01 a2=() u8_1b=01  a3=(000,000,000) b_1=False u8_2=00 grIdx=0010 u8_3=00 u32_0=0000
	*items[0000] = (002C): B4278FFF
	*items[0001] = (0023): B4278FFF
	*items[0002] = (0024): B4278FFF
	*items[0003] = (0025): B4278FFF
	*items[0004] = (0026): B4278FFF
(002C): B4278FFFflags=0000 u16_0=007 a0=(000,000,015)  index=0000 a2a=0000 u8_1a=00 a2=() u8_1b=01  a3=(000,000,000) b_1=False u8_2=00 grIdx=0011 u8_3=00 u32_0=0000 aX=(11 00 00 00 01 00 00 00)
