[2024]
(0001): 128AAF24 lst1=[(2,(15),1,2,(),Vector (-0.3890000000000243, 4.611, 1.06512775252),Vector (0.3889999999999757, 5.389, 1.1463511887230005)),(17,(19),1,2,(),Vector (-1.2200000000000242, 3.7799999999999994, -3.0776488112769997),Vector (1.2199999999999758, 6.220000000000001, -2.652648811277)),(21,(23),1,2,(),Vector (-0.18000000000002433, 4.82, 1.0955269635750002),Vector (0.1799999999999757, 5.18, 1.1463511887230005)),(25,(27),1,2,(),Vector (-0.5488792946457244, 4.451120705354263, -2.0164797805859997),Vector (0.5488792946457842, 5.5488792946457, -1.8171689410396497)),(29,(31),1,2,(),Vector (-1.3020826094077205, 3.6976327118550456, -2.6476488112769996),Vector (1.3022144505754925, 6.3023672880694255, 1.1463511887230005)),(33,(35),1,2,(),Vector (-0.9450000000000243, 4.055, -3.197648811277),Vector (0.9449999999999756, 5.945, -3.0801347144933997)),(37,(39),1,2,(),Vector (-1.5000000000000013, 0.8, -5.052648811277),Vector (1.4999999999999987, 6.4, -2.052648811277)),(41,(43),1,2,(),Vector (-1.6399998705834131, 3.2834001470850342, -5.696499936728514),Vector (1.609999870583413, 5.819400167514528, -4.452499944827293)),(48,(44),1,1,(47),Vector (-1.0454860760424853, 3.9551146026598047, -3.1169964582361054),Vector (1.0444627659446637, 6.044401620779368, -2.737340254779899))] lst2=[(000F,0000),(0013,0000),(0017,0000),(001B,0000),(001F,0000),(0023,0000),(0027,0000),(002B,0000),(002C,0000)] lst3=[] lst4=[] lst5={} lst6=[(0002,0100,000F,(000F)),(0011,0100,0013,(0013)),(0015,0100,0017,(0017)),(0019,0100,001B,(001B)),(001D,0100,001F,(001F)),(0021,0100,0023,(0023)),(0025,0100,0027,(0027)),(0029,0100,002B,(002B)),(0030,0001,002C,(002C))] lst7=[] u8_1=01 lst8=[] u8_2=01
(0002): F645595C u32_0=071D schema=002C u32_2=0000 u8_0=01 s32_0=-1  lastKey=17
	ref_1 = (0003): SatHistory s32_0=0  delta_states=(0,1,2,3,4,5,6,7,8,9,10,11,12,13,14,15,16,17)  
		delta_mapping[0000] = (0004): 09780457 delta_state=0 
		delta_mapping[0001] = (0005): 09780457 delta_state=1 
			lst0[0000] = (0017): 809BE56Froot=80000003  flags=1004 ref_0=80000001 aX=(00 01)
			lst0[0001] = (0018): 80CAECF1root=80000003  flags=400004 ref_0=80000001 aX=(00 01)
			lst0[0002] = (0019): E9B04618root=80000003  flags=1000004 ref_0=80000001 aX=(00 01)
			lst0[0003] = (001A): 0E70AF5Croot=80000003  flags=2004 ref_0=80000001 dcBodyIdx=0002
			lst0[0004] = (001B): 3E0040FDroot=80000003  flags=8004 ref_0=80000001 dcBodyIdx=0002 dcCreatorIdx=000F
			lst0[0005] = (001C): E065E15Aroot=80000003  flags=800004 ref_0=80000001 dcBodyIdx=0002 u32_0=0000 dcCreatorIdx=000F
			lst0[0006] = (001D): 9147489Aroot=80000003  flags=80004 ref_0=80000001 dcBodyIdx=0002 aX=(00 01)
		delta_mapping[0002] = (0006): 09780457 delta_state=2 
		delta_mapping[0003] = (0007): 09780457 delta_state=3 
			lst0[0000] = (001E): 0E70AF5Croot=80000003  flags=2004 ref_0=80000001 dcBodyIdx=0011
			lst0[0001] = (001F): 3E0040FDroot=80000003  flags=8004 ref_0=80000001 dcBodyIdx=0011 dcCreatorIdx=0013
			lst0[0002] = (0020): E065E15Aroot=80000003  flags=800004 ref_0=80000001 dcBodyIdx=0011 u32_0=0000 dcCreatorIdx=0013
			lst0[0003] = (0021): 9147489Aroot=80000003  flags=80004 ref_0=80000001 dcBodyIdx=0011 aX=(00 01)
		delta_mapping[0004] = (0008): 09780457 delta_state=4 
		delta_mapping[0005] = (0009): 09780457 delta_state=5 
			lst0[0000] = (0022): 0E70AF5Croot=80000003  flags=2004 ref_0=80000001 dcBodyIdx=0015
			lst0[0001] = (0023): 3E0040FDroot=80000003  flags=8004 ref_0=80000001 dcBodyIdx=0015 dcCreatorIdx=0017
			lst0[0002] = (0024): E065E15Aroot=80000003  flags=800004 ref_0=80000001 dcBodyIdx=0015 u32_0=0000 dcCreatorIdx=0017
			lst0[0003] = (0025): 9147489Aroot=80000003  flags=80004 ref_0=80000001 dcBodyIdx=0015 aX=(00 01)
		delta_mapping[0006] = (000A): 09780457 delta_state=6 
		delta_mapping[0007] = (000B): 09780457 delta_state=7 
			lst0[0000] = (0026): 0E70AF5Croot=80000003  flags=2004 ref_0=80000001 dcBodyIdx=0019
			lst0[0001] = (0027): 3E0040FDroot=80000003  flags=8004 ref_0=80000001 dcBodyIdx=0019 dcCreatorIdx=001B
			lst0[0002] = (0028): E065E15Aroot=80000003  flags=800004 ref_0=80000001 dcBodyIdx=0019 u32_0=0000 dcCreatorIdx=001B
			lst0[0003] = (0029): 9147489Aroot=80000003  flags=80004 ref_0=80000001 dcBodyIdx=0019 aX=(00 01)
		delta_mapping[0008] = (000C): 09780457 delta_state=8 
		delta_mapping[0009] = (000D): 09780457 delta_state=9 
			lst0[0000] = (002A): 0E70AF5Croot=80000003  flags=2004 ref_0=80000001 dcBodyIdx=001D
			lst0[0001] = (002B): 3E0040FDroot=80000003  flags=8004 ref_0=80000001 dcBodyIdx=001D dcCreatorIdx=001F
			lst0[0002] = (002C): E065E15Aroot=80000003  flags=800004 ref_0=80000001 dcBodyIdx=001D u32_0=0000 dcCreatorIdx=001F
			lst0[0003] = (002D): 9147489Aroot=80000003  flags=80004 ref_0=80000001 dcBodyIdx=001D aX=(00 01)
		delta_mapping[000A] = (000E): 09780457 delta_state=10 
		delta_mapping[000B] = (000F): 09780457 delta_state=11 
			lst0[0000] = (002E): 0E70AF5Croot=80000003  flags=2004 ref_0=80000001 dcBodyIdx=0021
			lst0[0001] = (002F): 3E0040FDroot=80000003  flags=8004 ref_0=80000001 dcBodyIdx=0021 dcCreatorIdx=0023
			lst0[0002] = (0030): E065E15Aroot=80000003  flags=800004 ref_0=80000001 dcBodyIdx=0021 u32_0=0000 dcCreatorIdx=0023
			lst0[0003] = (0031): 9147489Aroot=80000003  flags=80004 ref_0=80000001 dcBodyIdx=0021 aX=(00 01)
		delta_mapping[000C] = (0010): 09780457 delta_state=12 
		delta_mapping[000D] = (0011): 09780457 delta_state=13 
			lst0[0000] = (0032): 0E70AF5Croot=80000003  flags=2004 ref_0=80000001 dcBodyIdx=0025
			lst0[0001] = (0033): 3E0040FDroot=80000003  flags=8004 ref_0=80000001 dcBodyIdx=0025 dcCreatorIdx=0027
			lst0[0002] = (0034): E065E15Aroot=80000003  flags=800004 ref_0=80000001 dcBodyIdx=0025 u32_0=0000 dcCreatorIdx=0027
			lst0[0003] = (0035): 9147489Aroot=80000003  flags=80004 ref_0=80000001 dcBodyIdx=0025 aX=(00 01)
		delta_mapping[000E] = (0012): 09780457 delta_state=14 
		delta_mapping[000F] = (0013): 09780457 delta_state=15 
			lst0[0000] = (0036): 0E70AF5Croot=80000003  flags=2004 ref_0=80000001 dcBodyIdx=0029
			lst0[0001] = (0037): 3E0040FDroot=80000003  flags=8004 ref_0=80000001 dcBodyIdx=0029 dcCreatorIdx=002B
			lst0[0002] = (0038): E065E15Aroot=80000003  flags=800004 ref_0=80000001 dcBodyIdx=0029 u32_0=0000 dcCreatorIdx=002B
			lst0[0003] = (0039): 9147489Aroot=80000003  flags=80004 ref_0=80000001 dcBodyIdx=0029 aX=(00 01)
		delta_mapping[0010] = (0014): 09780457 delta_state=16 
		delta_mapping[0011] = (0015): 09780457 delta_state=17 
			lst0[0000] = (003A): 0E70AF5Croot=80000003  flags=2004 ref_0=80000001 dcBodyIdx=0030
			lst0[0001] = (003B): 3E0040FDroot=80000003  flags=8004 ref_0=80000001 dcBodyIdx=0030 dcCreatorIdx=002C
			lst0[0002] = (003C): E065E15Aroot=80000003  flags=800004 ref_0=80000001 dcBodyIdx=0030 u32_0=0000 dcCreatorIdx=002C
			lst0[0003] = (003D): 6B9A3C47root=80000003  flags=4004 ref_0=80000001 dcBodyIdx=0030 aX=(00 01)
			lst0[0004] = (003E): A4645884root=80000003  flags=4004 ref_0=80000001 aX=(30 00 00 00 00 01)
		ref_1 = (0016): 09780457 delta_state=-1 
